<?xml version="1.0" encoding="UTF-8"?>
<testsuite name="pl.edu.pjatk.gradleprojekt.GradleprojektApplicationTests" tests="1" skipped="0" failures="1" errors="0" timestamp="2024-10-28T10:56:15" hostname="GDA303-09" time="0.675">
  <properties/>
  <testcase name="getCapybara()" classname="pl.edu.pjatk.gradleprojekt.GradleprojektApplicationTests" time="0.675">
    <failure message="java.lang.StackOverflowError" type="java.lang.StackOverflowError">java.lang.StackOverflowError
	at pl.edu.pjatk.gradleprojekt.GradleprojektApplicationTests.getCapybara(GradleprojektApplicationTests.java:16)
	at pl.edu.pjatk.gradleprojekt.GradleprojektApplicationTests.getCapybara(GradleprojektApplicationTests.java:16)
	at pl.edu.pjatk.gradleprojekt.GradleprojektApplicationTests.getCapybara(GradleprojektApplicationTests.java:16)
	at pl.edu.pjatk.gradleprojekt.GradleprojektApplicationTests.getCapybara(GradleprojektApplicationTests.java:16)
	at pl.edu.pjatk.gradleprojekt.GradleprojektApplicationTests.getCapybara(GradleprojektApplicationTests.java:16)
	at pl.edu.pjatk.gradleprojekt.GradleprojektApplicationTests.getCapybara(GradleprojektApplicationTests.java:16)
	at pl.edu.pjatk.gradleprojekt.GradleprojektApplicationTests.getCapybara(GradleprojektApplicationTests.java:16)
	at pl.edu.pjatk.gradleprojekt.GradleprojektApplicationTests.getCapybara(GradleprojektApplicationTests.java:16)
	at pl.edu.pjatk.gradleprojekt.GradleprojektApplicationTests.getCapybara(GradleprojektApplicationTests.java:16)
	at pl.edu.pjatk.gradleprojekt.GradleprojektApplicationTests.getCapybara(GradleprojektApplicationTests.java:16)
	at pl.edu.pjatk.gradleprojekt.GradleprojektApplicationTests.getCapybara(GradleprojektApplicationTests.java:16)
	at pl.edu.pjatk.gradleprojekt.GradleprojektApplicationTests.getCapybara(GradleprojektApplicationTests.java:16)
	at pl.edu.pjatk.gradleprojekt.GradleprojektApplicationTests.getCapybara(GradleprojektApplicationTests.java:16)
	at pl.edu.pjatk.gradleprojekt.GradleprojektApplicationTests.getCapybara(GradleprojektApplicationTests.java:16)
	at pl.edu.pjatk.gradleprojekt.GradleprojektApplicationTests.getCapybara(GradleprojektApplicationTests.java:16)
	at pl.edu.pjatk.gradleprojekt.GradleprojektApplicationTests.getCapybara(GradleprojektApplicationTests.java:16)
	at pl.edu.pjatk.gradleprojekt.GradleprojektApplicationTests.getCapybara(GradleprojektApplicationTests.java:16)
	at pl.edu.pjatk.gradleprojekt.GradleprojektApplicationTests.getCapybara(GradleprojektApplicationTests.java:16)
	at pl.edu.pjatk.gradleprojekt.GradleprojektApplicationTests.getCapybara(GradleprojektApplicationTests.java:16)
	at pl.edu.pjatk.gradleprojekt.GradleprojektApplicationTests.getCapybara(GradleprojektApplicationTests.java:16)
	at pl.edu.pjatk.gradleprojekt.GradleprojektApplicationTests.getCapybara(GradleprojektApplicationTests.java:16)
	at pl.edu.pjatk.gradleprojekt.GradleprojektApplicationTests.getCapybara(GradleprojektApplicationTests.java:16)
	at pl.edu.pjatk.gradleprojekt.GradleprojektApplicationTests.getCapybara(GradleprojektApplicationTests.java:16)
	at pl.edu.pjatk.gradleprojekt.GradleprojektApplicationTests.getCapybara(GradleprojektApplicationTests.java:16)
	at pl.edu.pjatk.gradleprojekt.GradleprojektApplicationTests.getCapybara(GradleprojektApplicationTests.java:16)
	at pl.edu.pjatk.gradleprojekt.GradleprojektApplicationTests.getCapybara(GradleprojektApplicationTests.java:16)
	at pl.edu.pjatk.gradleprojekt.GradleprojektApplicationTests.getCapybara(GradleprojektApplicationTests.java:16)
	at pl.edu.pjatk.gradleprojekt.GradleprojektApplicationTests.getCapybara(GradleprojektApplicationTests.java:16)
	at pl.edu.pjatk.gradleprojekt.GradleprojektApplicationTests.getCapybara(GradleprojektApplicationTests.java:16)
	at pl.edu.pjatk.gradleprojekt.GradleprojektApplicationTests.getCapybara(GradleprojektApplicationTests.java:16)
	at pl.edu.pjatk.gradleprojekt.GradleprojektApplicationTests.getCapybara(GradleprojektApplicationTests.java:16)
	at pl.edu.pjatk.gradleprojekt.GradleprojektApplicationTests.getCapybara(GradleprojektApplicationTests.java:16)
	at pl.edu.pjatk.gradleprojekt.GradleprojektApplicationTests.getCapybara(GradleprojektApplicationTests.java:16)
	at pl.edu.pjatk.gradleprojekt.GradleprojektApplicationTests.getCapybara(GradleprojektApplicationTests.java:16)
	at pl.edu.pjatk.gradleprojekt.GradleprojektApplicationTests.getCapybara(GradleprojektApplicationTests.java:16)
	at pl.edu.pjatk.gradleprojekt.GradleprojektApplicationTests.getCapybara(GradleprojektApplicationTests.java:16)
	at pl.edu.pjatk.gradleprojekt.GradleprojektApplicationTests.getCapybara(GradleprojektApplicationTests.java:16)
	at pl.edu.pjatk.gradleprojekt.GradleprojektApplicationTests.getCapybara(GradleprojektApplicationTests.java:16)
	at pl.edu.pjatk.gradleprojekt.GradleprojektApplicationTests.getCapybara(GradleprojektApplicationTests.java:16)
	at pl.edu.pjatk.gradleprojekt.GradleprojektApplicationTests.getCapybara(GradleprojektApplicationTests.java:16)
	at pl.edu.pjatk.gradleprojekt.GradleprojektApplicationTests.getCapybara(GradleprojektApplicationTests.java:16)
	at pl.edu.pjatk.gradleprojekt.GradleprojektApplicationTests.getCapybara(GradleprojektApplicationTests.java:16)
	at pl.edu.pjatk.gradleprojekt.GradleprojektApplicationTests.getCapybara(GradleprojektApplicationTests.java:16)
	at pl.edu.pjatk.gradleprojekt.GradleprojektApplicationTests.getCapybara(GradleprojektApplicationTests.java:16)
	at pl.edu.pjatk.gradleprojekt.GradleprojektApplicationTests.getCapybara(GradleprojektApplicationTests.java:16)
	at pl.edu.pjatk.gradleprojekt.GradleprojektApplicationTests.getCapybara(GradleprojektApplicationTests.java:16)
	at pl.edu.pjatk.gradleprojekt.GradleprojektApplicationTests.getCapybara(GradleprojektApplicationTests.java:16)
	at pl.edu.pjatk.gradleprojekt.GradleprojektApplicationTests.getCapybara(GradleprojektApplicationTests.java:16)
	at pl.edu.pjatk.gradleprojekt.GradleprojektApplicationTests.getCapybara(GradleprojektApplicationTests.java:16)
	at pl.edu.pjatk.gradleprojekt.GradleprojektApplicationTests.getCapybara(GradleprojektApplicationTests.java:16)
	at pl.edu.pjatk.gradleprojekt.GradleprojektApplicationTests.getCapybara(GradleprojektApplicationTests.java:16)
	at pl.edu.pjatk.gradleprojekt.GradleprojektApplicationTests.getCapybara(GradleprojektApplicationTests.java:16)
	at pl.edu.pjatk.gradleprojekt.GradleprojektApplicationTests.getCapybara(GradleprojektApplicationTests.java:16)
	at pl.edu.pjatk.gradleprojekt.GradleprojektApplicationTests.getCapybara(GradleprojektApplicationTests.java:16)
	at pl.edu.pjatk.gradleprojekt.GradleprojektApplicationTests.getCapybara(GradleprojektApplicationTests.java:16)
	at pl.edu.pjatk.gradleprojekt.GradleprojektApplicationTests.getCapybara(GradleprojektApplicationTests.java:16)
	at pl.edu.pjatk.gradleprojekt.GradleprojektApplicationTests.getCapybara(GradleprojektApplicationTests.java:16)
	at pl.edu.pjatk.gradleprojekt.GradleprojektApplicationTests.getCapybara(GradleprojektApplicationTests.java:16)
	at pl.edu.pjatk.gradleprojekt.GradleprojektApplicationTests.getCapybara(GradleprojektApplicationTests.java:16)
	at pl.edu.pjatk.gradleprojekt.GradleprojektApplicationTests.getCapybara(GradleprojektApplicationTests.java:16)
	at pl.edu.pjatk.gradleprojekt.GradleprojektApplicationTests.getCapybara(GradleprojektApplicationTests.java:16)
	at pl.edu.pjatk.gradleprojekt.GradleprojektApplicationTests.getCapybara(GradleprojektApplicationTests.java:16)
	at pl.edu.pjatk.gradleprojekt.GradleprojektApplicationTests.getCapybara(GradleprojektApplicationTests.java:16)
	at pl.edu.pjatk.gradleprojekt.GradleprojektApplicationTests.getCapybara(GradleprojektApplicationTests.java:16)
	at pl.edu.pjatk.gradleprojekt.GradleprojektApplicationTests.getCapybara(GradleprojektApplicationTests.java:16)
	at pl.edu.pjatk.gradleprojekt.GradleprojektApplicationTests.getCapybara(GradleprojektApplicationTests.java:16)
	at pl.edu.pjatk.gradleprojekt.GradleprojektApplicationTests.getCapybara(GradleprojektApplicationTests.java:16)
	at pl.edu.pjatk.gradleprojekt.GradleprojektApplicationTests.getCapybara(GradleprojektApplicationTests.java:16)
	at pl.edu.pjatk.gradleprojekt.GradleprojektApplicationTests.getCapybara(GradleprojektApplicationTests.java:16)
	at pl.edu.pjatk.gradleprojekt.GradleprojektApplicationTests.getCapybara(GradleprojektApplicationTests.java:16)
	at pl.edu.pjatk.gradleprojekt.GradleprojektApplicationTests.getCapybara(GradleprojektApplicationTests.java:16)
	at pl.edu.pjatk.gradleprojekt.GradleprojektApplicationTests.getCapybara(GradleprojektApplicationTests.java:16)
	at pl.edu.pjatk.gradleprojekt.GradleprojektApplicationTests.getCapybara(GradleprojektApplicationTests.java:16)
	at pl.edu.pjatk.gradleprojekt.GradleprojektApplicationTests.getCapybara(GradleprojektApplicationTests.java:16)
	at pl.edu.pjatk.gradleprojekt.GradleprojektApplicationTests.getCapybara(GradleprojektApplicationTests.java:16)
	at pl.edu.pjatk.gradleprojekt.GradleprojektApplicationTests.getCapybara(GradleprojektApplicationTests.java:16)
	at pl.edu.pjatk.gradleprojekt.GradleprojektApplicationTests.getCapybara(GradleprojektApplicationTests.java:16)
	at pl.edu.pjatk.gradleprojekt.GradleprojektApplicationTests.getCapybara(GradleprojektApplicationTests.java:16)
	at pl.edu.pjatk.gradleprojekt.GradleprojektApplicationTests.getCapybara(GradleprojektApplicationTests.java:16)
	at pl.edu.pjatk.gradleprojekt.GradleprojektApplicationTests.getCapybara(GradleprojektApplicationTests.java:16)
	at pl.edu.pjatk.gradleprojekt.GradleprojektApplicationTests.getCapybara(GradleprojektApplicationTests.java:16)
	at pl.edu.pjatk.gradleprojekt.GradleprojektApplicationTests.getCapybara(GradleprojektApplicationTests.java:16)
	at pl.edu.pjatk.gradleprojekt.GradleprojektApplicationTests.getCapybara(GradleprojektApplicationTests.java:16)
	at pl.edu.pjatk.gradleprojekt.GradleprojektApplicationTests.getCapybara(GradleprojektApplicationTests.java:16)
	at pl.edu.pjatk.gradleprojekt.GradleprojektApplicationTests.getCapybara(GradleprojektApplicationTests.java:16)
	at pl.edu.pjatk.gradleprojekt.GradleprojektApplicationTests.getCapybara(GradleprojektApplicationTests.java:16)
	at pl.edu.pjatk.gradleprojekt.GradleprojektApplicationTests.getCapybara(GradleprojektApplicationTests.java:16)
	at pl.edu.pjatk.gradleprojekt.GradleprojektApplicationTests.getCapybara(GradleprojektApplicationTests.java:16)
	at pl.edu.pjatk.gradleprojekt.GradleprojektApplicationTests.getCapybara(GradleprojektApplicationTests.java:16)
	at pl.edu.pjatk.gradleprojekt.GradleprojektApplicationTests.getCapybara(GradleprojektApplicationTests.java:16)
	at pl.edu.pjatk.gradleprojekt.GradleprojektApplicationTests.getCapybara(GradleprojektApplicationTests.java:16)
	at pl.edu.pjatk.gradleprojekt.GradleprojektApplicationTests.getCapybara(GradleprojektApplicationTests.java:16)
	at pl.edu.pjatk.gradleprojekt.GradleprojektApplicationTests.getCapybara(GradleprojektApplicationTests.java:16)
	at pl.edu.pjatk.gradleprojekt.GradleprojektApplicationTests.getCapybara(GradleprojektApplicationTests.java:16)
	at pl.edu.pjatk.gradleprojekt.GradleprojektApplicationTests.getCapybara(GradleprojektApplicationTests.java:16)
	at pl.edu.pjatk.gradleprojekt.GradleprojektApplicationTests.getCapybara(GradleprojektApplicationTests.java:16)
	at pl.edu.pjatk.gradleprojekt.GradleprojektApplicationTests.getCapybara(GradleprojektApplicationTests.java:16)
	at pl.edu.pjatk.gradleprojekt.GradleprojektApplicationTests.getCapybara(GradleprojektApplicationTests.java:16)
	at pl.edu.pjatk.gradleprojekt.GradleprojektApplicationTests.getCapybara(GradleprojektApplicationTests.java:16)
	at pl.edu.pjatk.gradleprojekt.GradleprojektApplicationTests.getCapybara(GradleprojektApplicationTests.java:16)
	at pl.edu.pjatk.gradleprojekt.GradleprojektApplicationTests.getCapybara(GradleprojektApplicationTests.java:16)
	at pl.edu.pjatk.gradleprojekt.GradleprojektApplicationTests.getCapybara(GradleprojektApplicationTests.java:16)
	at pl.edu.pjatk.gradleprojekt.GradleprojektApplicationTests.getCapybara(GradleprojektApplicationTests.java:16)
	at pl.edu.pjatk.gradleprojekt.GradleprojektApplicationTests.getCapybara(GradleprojektApplicationTests.java:16)
	at pl.edu.pjatk.gradleprojekt.GradleprojektApplicationTests.getCapybara(GradleprojektApplicationTests.java:16)
	at pl.edu.pjatk.gradleprojekt.GradleprojektApplicationTests.getCapybara(GradleprojektApplicationTests.java:16)
	at pl.edu.pjatk.gradleprojekt.GradleprojektApplicationTests.getCapybara(GradleprojektApplicationTests.java:16)
	at pl.edu.pjatk.gradleprojekt.GradleprojektApplicationTests.getCapybara(GradleprojektApplicationTests.java:16)
	at pl.edu.pjatk.gradleprojekt.GradleprojektApplicationTests.getCapybara(GradleprojektApplicationTests.java:16)
	at pl.edu.pjatk.gradleprojekt.GradleprojektApplicationTests.getCapybara(GradleprojektApplicationTests.java:16)
	at pl.edu.pjatk.gradleprojekt.GradleprojektApplicationTests.getCapybara(GradleprojektApplicationTests.java:16)
	at pl.edu.pjatk.gradleprojekt.GradleprojektApplicationTests.getCapybara(GradleprojektApplicationTests.java:16)
	at pl.edu.pjatk.gradleprojekt.GradleprojektApplicationTests.getCapybara(GradleprojektApplicationTests.java:16)
	at pl.edu.pjatk.gradleprojekt.GradleprojektApplicationTests.getCapybara(GradleprojektApplicationTests.java:16)
	at pl.edu.pjatk.gradleprojekt.GradleprojektApplicationTests.getCapybara(GradleprojektApplicationTests.java:16)
	at pl.edu.pjatk.gradleprojekt.GradleprojektApplicationTests.getCapybara(GradleprojektApplicationTests.java:16)
	at pl.edu.pjatk.gradleprojekt.GradleprojektApplicationTests.getCapybara(GradleprojektApplicationTests.java:16)
	at pl.edu.pjatk.gradleprojekt.GradleprojektApplicationTests.getCapybara(GradleprojektApplicationTests.java:16)
	at pl.edu.pjatk.gradleprojekt.GradleprojektApplicationTests.getCapybara(GradleprojektApplicationTests.java:16)
	at pl.edu.pjatk.gradleprojekt.GradleprojektApplicationTests.getCapybara(GradleprojektApplicationTests.java:16)
	at pl.edu.pjatk.gradleprojekt.GradleprojektApplicationTests.getCapybara(GradleprojektApplicationTests.java:16)
	at pl.edu.pjatk.gradleprojekt.GradleprojektApplicationTests.getCapybara(GradleprojektApplicationTests.java:16)
	at pl.edu.pjatk.gradleprojekt.GradleprojektApplicationTests.getCapybara(GradleprojektApplicationTests.java:16)
	at pl.edu.pjatk.gradleprojekt.GradleprojektApplicationTests.getCapybara(GradleprojektApplicationTests.java:16)
	at pl.edu.pjatk.gradleprojekt.GradleprojektApplicationTests.getCapybara(GradleprojektApplicationTests.java:16)
	at pl.edu.pjatk.gradleprojekt.GradleprojektApplicationTests.getCapybara(GradleprojektApplicationTests.java:16)
	at pl.edu.pjatk.gradleprojekt.GradleprojektApplicationTests.getCapybara(GradleprojektApplicationTests.java:16)
	at pl.edu.pjatk.gradleprojekt.GradleprojektApplicationTests.getCapybara(GradleprojektApplicationTests.java:16)
	at pl.edu.pjatk.gradleprojekt.GradleprojektApplicationTests.getCapybara(GradleprojektApplicationTests.java:16)
	at pl.edu.pjatk.gradleprojekt.GradleprojektApplicationTests.getCapybara(GradleprojektApplicationTests.java:16)
	at pl.edu.pjatk.gradleprojekt.GradleprojektApplicationTests.getCapybara(GradleprojektApplicationTests.java:16)
	at pl.edu.pjatk.gradleprojekt.GradleprojektApplicationTests.getCapybara(GradleprojektApplicationTests.java:16)
	at pl.edu.pjatk.gradleprojekt.GradleprojektApplicationTests.getCapybara(GradleprojektApplicationTests.java:16)
	at pl.edu.pjatk.gradleprojekt.GradleprojektApplicationTests.getCapybara(GradleprojektApplicationTests.java:16)
	at pl.edu.pjatk.gradleprojekt.GradleprojektApplicationTests.getCapybara(GradleprojektApplicationTests.java:16)
	at pl.edu.pjatk.gradleprojekt.GradleprojektApplicationTests.getCapybara(GradleprojektApplicationTests.java:16)
	at pl.edu.pjatk.gradleprojekt.GradleprojektApplicationTests.getCapybara(GradleprojektApplicationTests.java:16)
	at pl.edu.pjatk.gradleprojekt.GradleprojektApplicationTests.getCapybara(GradleprojektApplicationTests.java:16)
	at pl.edu.pjatk.gradleprojekt.GradleprojektApplicationTests.getCapybara(GradleprojektApplicationTests.java:16)
	at pl.edu.pjatk.gradleprojekt.GradleprojektApplicationTests.getCapybara(GradleprojektApplicationTests.java:16)
	at pl.edu.pjatk.gradleprojekt.GradleprojektApplicationTests.getCapybara(GradleprojektApplicationTests.java:16)
	at pl.edu.pjatk.gradleprojekt.GradleprojektApplicationTests.getCapybara(GradleprojektApplicationTests.java:16)
	at pl.edu.pjatk.gradleprojekt.GradleprojektApplicationTests.getCapybara(GradleprojektApplicationTests.java:16)
	at pl.edu.pjatk.gradleprojekt.GradleprojektApplicationTests.getCapybara(GradleprojektApplicationTests.java:16)
	at pl.edu.pjatk.gradleprojekt.GradleprojektApplicationTests.getCapybara(GradleprojektApplicationTests.java:16)
	at pl.edu.pjatk.gradleprojekt.GradleprojektApplicationTests.getCapybara(GradleprojektApplicationTests.java:16)
	at pl.edu.pjatk.gradleprojekt.GradleprojektApplicationTests.getCapybara(GradleprojektApplicationTests.java:16)
	at pl.edu.pjatk.gradleprojekt.GradleprojektApplicationTests.getCapybara(GradleprojektApplicationTests.java:16)
	at pl.edu.pjatk.gradleprojekt.GradleprojektApplicationTests.getCapybara(GradleprojektApplicationTests.java:16)
	at pl.edu.pjatk.gradleprojekt.GradleprojektApplicationTests.getCapybara(GradleprojektApplicationTests.java:16)
	at pl.edu.pjatk.gradleprojekt.GradleprojektApplicationTests.getCapybara(GradleprojektApplicationTests.java:16)
	at pl.edu.pjatk.gradleprojekt.GradleprojektApplicationTests.getCapybara(GradleprojektApplicationTests.java:16)
	at pl.edu.pjatk.gradleprojekt.GradleprojektApplicationTests.getCapybara(GradleprojektApplicationTests.java:16)
	at pl.edu.pjatk.gradleprojekt.GradleprojektApplicationTests.getCapybara(GradleprojektApplicationTests.java:16)
	at pl.edu.pjatk.gradleprojekt.GradleprojektApplicationTests.getCapybara(GradleprojektApplicationTests.java:16)
	at pl.edu.pjatk.gradleprojekt.GradleprojektApplicationTests.getCapybara(GradleprojektApplicationTests.java:16)
	at pl.edu.pjatk.gradleprojekt.GradleprojektApplicationTests.getCapybara(GradleprojektApplicationTests.java:16)
	at pl.edu.pjatk.gradleprojekt.GradleprojektApplicationTests.getCapybara(GradleprojektApplicationTests.java:16)
	at pl.edu.pjatk.gradleprojekt.GradleprojektApplicationTests.getCapybara(GradleprojektApplicationTests.java:16)
	at pl.edu.pjatk.gradleprojekt.GradleprojektApplicationTests.getCapybara(GradleprojektApplicationTests.java:16)
	at pl.edu.pjatk.gradleprojekt.GradleprojektApplicationTests.getCapybara(GradleprojektApplicationTests.java:16)
	at pl.edu.pjatk.gradleprojekt.GradleprojektApplicationTests.getCapybara(GradleprojektApplicationTests.java:16)
	at pl.edu.pjatk.gradleprojekt.GradleprojektApplicationTests.getCapybara(GradleprojektApplicationTests.java:16)
	at pl.edu.pjatk.gradleprojekt.GradleprojektApplicationTests.getCapybara(GradleprojektApplicationTests.java:16)
	at pl.edu.pjatk.gradleprojekt.GradleprojektApplicationTests.getCapybara(GradleprojektApplicationTests.java:16)
	at pl.edu.pjatk.gradleprojekt.GradleprojektApplicationTests.getCapybara(GradleprojektApplicationTests.java:16)
	at pl.edu.pjatk.gradleprojekt.GradleprojektApplicationTests.getCapybara(GradleprojektApplicationTests.java:16)
	at pl.edu.pjatk.gradleprojekt.GradleprojektApplicationTests.getCapybara(GradleprojektApplicationTests.java:16)
	at pl.edu.pjatk.gradleprojekt.GradleprojektApplicationTests.getCapybara(GradleprojektApplicationTests.java:16)
	at pl.edu.pjatk.gradleprojekt.GradleprojektApplicationTests.getCapybara(GradleprojektApplicationTests.java:16)
	at pl.edu.pjatk.gradleprojekt.GradleprojektApplicationTests.getCapybara(GradleprojektApplicationTests.java:16)
	at pl.edu.pjatk.gradleprojekt.GradleprojektApplicationTests.getCapybara(GradleprojektApplicationTests.java:16)
	at pl.edu.pjatk.gradleprojekt.GradleprojektApplicationTests.getCapybara(GradleprojektApplicationTests.java:16)
	at pl.edu.pjatk.gradleprojekt.GradleprojektApplicationTests.getCapybara(GradleprojektApplicationTests.java:16)
	at pl.edu.pjatk.gradleprojekt.GradleprojektApplicationTests.getCapybara(GradleprojektApplicationTests.java:16)
	at pl.edu.pjatk.gradleprojekt.GradleprojektApplicationTests.getCapybara(GradleprojektApplicationTests.java:16)
	at pl.edu.pjatk.gradleprojekt.GradleprojektApplicationTests.getCapybara(GradleprojektApplicationTests.java:16)
	at pl.edu.pjatk.gradleprojekt.GradleprojektApplicationTests.getCapybara(GradleprojektApplicationTests.java:16)
	at pl.edu.pjatk.gradleprojekt.GradleprojektApplicationTests.getCapybara(GradleprojektApplicationTests.java:16)
	at pl.edu.pjatk.gradleprojekt.GradleprojektApplicationTests.getCapybara(GradleprojektApplicationTests.java:16)
	at pl.edu.pjatk.gradleprojekt.GradleprojektApplicationTests.getCapybara(GradleprojektApplicationTests.java:16)
	at pl.edu.pjatk.gradleprojekt.GradleprojektApplicationTests.getCapybara(GradleprojektApplicationTests.java:16)
	at pl.edu.pjatk.gradleprojekt.GradleprojektApplicationTests.getCapybara(GradleprojektApplicationTests.java:16)
	at pl.edu.pjatk.gradleprojekt.GradleprojektApplicationTests.getCapybara(GradleprojektApplicationTests.java:16)
	at pl.edu.pjatk.gradleprojekt.GradleprojektApplicationTests.getCapybara(GradleprojektApplicationTests.java:16)
	at pl.edu.pjatk.gradleprojekt.GradleprojektApplicationTests.getCapybara(GradleprojektApplicationTests.java:16)
	at pl.edu.pjatk.gradleprojekt.GradleprojektApplicationTests.getCapybara(GradleprojektApplicationTests.java:16)
	at pl.edu.pjatk.gradleprojekt.GradleprojektApplicationTests.getCapybara(GradleprojektApplicationTests.java:16)
	at pl.edu.pjatk.gradleprojekt.GradleprojektApplicationTests.getCapybara(GradleprojektApplicationTests.java:16)
	at pl.edu.pjatk.gradleprojekt.GradleprojektApplicationTests.getCapybara(GradleprojektApplicationTests.java:16)
	at pl.edu.pjatk.gradleprojekt.GradleprojektApplicationTests.getCapybara(GradleprojektApplicationTests.java:16)
	at pl.edu.pjatk.gradleprojekt.GradleprojektApplicationTests.getCapybara(GradleprojektApplicationTests.java:16)
	at pl.edu.pjatk.gradleprojekt.GradleprojektApplicationTests.getCapybara(GradleprojektApplicationTests.java:16)
	at pl.edu.pjatk.gradleprojekt.GradleprojektApplicationTests.getCapybara(GradleprojektApplicationTests.java:16)
	at pl.edu.pjatk.gradleprojekt.GradleprojektApplicationTests.getCapybara(GradleprojektApplicationTests.java:16)
	at pl.edu.pjatk.gradleprojekt.GradleprojektApplicationTests.getCapybara(GradleprojektApplicationTests.java:16)
	at pl.edu.pjatk.gradleprojekt.GradleprojektApplicationTests.getCapybara(GradleprojektApplicationTests.java:16)
	at pl.edu.pjatk.gradleprojekt.GradleprojektApplicationTests.getCapybara(GradleprojektApplicationTests.java:16)
	at pl.edu.pjatk.gradleprojekt.GradleprojektApplicationTests.getCapybara(GradleprojektApplicationTests.java:16)
	at pl.edu.pjatk.gradleprojekt.GradleprojektApplicationTests.getCapybara(GradleprojektApplicationTests.java:16)
	at pl.edu.pjatk.gradleprojekt.GradleprojektApplicationTests.getCapybara(GradleprojektApplicationTests.java:16)
	at pl.edu.pjatk.gradleprojekt.GradleprojektApplicationTests.getCapybara(GradleprojektApplicationTests.java:16)
	at pl.edu.pjatk.gradleprojekt.GradleprojektApplicationTests.getCapybara(GradleprojektApplicationTests.java:16)
	at pl.edu.pjatk.gradleprojekt.GradleprojektApplicationTests.getCapybara(GradleprojektApplicationTests.java:16)
	at pl.edu.pjatk.gradleprojekt.GradleprojektApplicationTests.getCapybara(GradleprojektApplicationTests.java:16)
	at pl.edu.pjatk.gradleprojekt.GradleprojektApplicationTests.getCapybara(GradleprojektApplicationTests.java:16)
	at pl.edu.pjatk.gradleprojekt.GradleprojektApplicationTests.getCapybara(GradleprojektApplicationTests.java:16)
	at pl.edu.pjatk.gradleprojekt.GradleprojektApplicationTests.getCapybara(GradleprojektApplicationTests.java:16)
	at pl.edu.pjatk.gradleprojekt.GradleprojektApplicationTests.getCapybara(GradleprojektApplicationTests.java:16)
	at pl.edu.pjatk.gradleprojekt.GradleprojektApplicationTests.getCapybara(GradleprojektApplicationTests.java:16)
	at pl.edu.pjatk.gradleprojekt.GradleprojektApplicationTests.getCapybara(GradleprojektApplicationTests.java:16)
	at pl.edu.pjatk.gradleprojekt.GradleprojektApplicationTests.getCapybara(GradleprojektApplicationTests.java:16)
	at pl.edu.pjatk.gradleprojekt.GradleprojektApplicationTests.getCapybara(GradleprojektApplicationTests.java:16)
	at pl.edu.pjatk.gradleprojekt.GradleprojektApplicationTests.getCapybara(GradleprojektApplicationTests.java:16)
	at pl.edu.pjatk.gradleprojekt.GradleprojektApplicationTests.getCapybara(GradleprojektApplicationTests.java:16)
	at pl.edu.pjatk.gradleprojekt.GradleprojektApplicationTests.getCapybara(GradleprojektApplicationTests.java:16)
	at pl.edu.pjatk.gradleprojekt.GradleprojektApplicationTests.getCapybara(GradleprojektApplicationTests.java:16)
	at pl.edu.pjatk.gradleprojekt.GradleprojektApplicationTests.getCapybara(GradleprojektApplicationTests.java:16)
	at pl.edu.pjatk.gradleprojekt.GradleprojektApplicationTests.getCapybara(GradleprojektApplicationTests.java:16)
	at pl.edu.pjatk.gradleprojekt.GradleprojektApplicationTests.getCapybara(GradleprojektApplicationTests.java:16)
	at pl.edu.pjatk.gradleprojekt.GradleprojektApplicationTests.getCapybara(GradleprojektApplicationTests.java:16)
	at pl.edu.pjatk.gradleprojekt.GradleprojektApplicationTests.getCapybara(GradleprojektApplicationTests.java:16)
	at pl.edu.pjatk.gradleprojekt.GradleprojektApplicationTests.getCapybara(GradleprojektApplicationTests.java:16)
	at pl.edu.pjatk.gradleprojekt.GradleprojektApplicationTests.getCapybara(GradleprojektApplicationTests.java:16)
	at pl.edu.pjatk.gradleprojekt.GradleprojektApplicationTests.getCapybara(GradleprojektApplicationTests.java:16)
	at pl.edu.pjatk.gradleprojekt.GradleprojektApplicationTests.getCapybara(GradleprojektApplicationTests.java:16)
	at pl.edu.pjatk.gradleprojekt.GradleprojektApplicationTests.getCapybara(GradleprojektApplicationTests.java:16)
	at pl.edu.pjatk.gradleprojekt.GradleprojektApplicationTests.getCapybara(GradleprojektApplicationTests.java:16)
	at pl.edu.pjatk.gradleprojekt.GradleprojektApplicationTests.getCapybara(GradleprojektApplicationTests.java:16)
	at pl.edu.pjatk.gradleprojekt.GradleprojektApplicationTests.getCapybara(GradleprojektApplicationTests.java:16)
	at pl.edu.pjatk.gradleprojekt.GradleprojektApplicationTests.getCapybara(GradleprojektApplicationTests.java:16)
	at pl.edu.pjatk.gradleprojekt.GradleprojektApplicationTests.getCapybara(GradleprojektApplicationTests.java:16)
	at pl.edu.pjatk.gradleprojekt.GradleprojektApplicationTests.getCapybara(GradleprojektApplicationTests.java:16)
	at pl.edu.pjatk.gradleprojekt.GradleprojektApplicationTests.getCapybara(GradleprojektApplicationTests.java:16)
	at pl.edu.pjatk.gradleprojekt.GradleprojektApplicationTests.getCapybara(GradleprojektApplicationTests.java:16)
	at pl.edu.pjatk.gradleprojekt.GradleprojektApplicationTests.getCapybara(GradleprojektApplicationTests.java:16)
	at pl.edu.pjatk.gradleprojekt.GradleprojektApplicationTests.getCapybara(GradleprojektApplicationTests.java:16)
	at pl.edu.pjatk.gradleprojekt.GradleprojektApplicationTests.getCapybara(GradleprojektApplicationTests.java:16)
	at pl.edu.pjatk.gradleprojekt.GradleprojektApplicationTests.getCapybara(GradleprojektApplicationTests.java:16)
	at pl.edu.pjatk.gradleprojekt.GradleprojektApplicationTests.getCapybara(GradleprojektApplicationTests.java:16)
	at pl.edu.pjatk.gradleprojekt.GradleprojektApplicationTests.getCapybara(GradleprojektApplicationTests.java:16)
	at pl.edu.pjatk.gradleprojekt.GradleprojektApplicationTests.getCapybara(GradleprojektApplicationTests.java:16)
	at pl.edu.pjatk.gradleprojekt.GradleprojektApplicationTests.getCapybara(GradleprojektApplicationTests.java:16)
	at pl.edu.pjatk.gradleprojekt.GradleprojektApplicationTests.getCapybara(GradleprojektApplicationTests.java:16)
	at pl.edu.pjatk.gradleprojekt.GradleprojektApplicationTests.getCapybara(GradleprojektApplicationTests.java:16)
	at pl.edu.pjatk.gradleprojekt.GradleprojektApplicationTests.getCapybara(GradleprojektApplicationTests.java:16)
	at pl.edu.pjatk.gradleprojekt.GradleprojektApplicationTests.getCapybara(GradleprojektApplicationTests.java:16)
	at pl.edu.pjatk.gradleprojekt.GradleprojektApplicationTests.getCapybara(GradleprojektApplicationTests.java:16)
	at pl.edu.pjatk.gradleprojekt.GradleprojektApplicationTests.getCapybara(GradleprojektApplicationTests.java:16)
	at pl.edu.pjatk.gradleprojekt.GradleprojektApplicationTests.getCapybara(GradleprojektApplicationTests.java:16)
	at pl.edu.pjatk.gradleprojekt.GradleprojektApplicationTests.getCapybara(GradleprojektApplicationTests.java:16)
	at pl.edu.pjatk.gradleprojekt.GradleprojektApplicationTests.getCapybara(GradleprojektApplicationTests.java:16)
	at pl.edu.pjatk.gradleprojekt.GradleprojektApplicationTests.getCapybara(GradleprojektApplicationTests.java:16)
	at pl.edu.pjatk.gradleprojekt.GradleprojektApplicationTests.getCapybara(GradleprojektApplicationTests.java:16)
	at pl.edu.pjatk.gradleprojekt.GradleprojektApplicationTests.getCapybara(GradleprojektApplicationTests.java:16)
	at pl.edu.pjatk.gradleprojekt.GradleprojektApplicationTests.getCapybara(GradleprojektApplicationTests.java:16)
	at pl.edu.pjatk.gradleprojekt.GradleprojektApplicationTests.getCapybara(GradleprojektApplicationTests.java:16)
	at pl.edu.pjatk.gradleprojekt.GradleprojektApplicationTests.getCapybara(GradleprojektApplicationTests.java:16)
	at pl.edu.pjatk.gradleprojekt.GradleprojektApplicationTests.getCapybara(GradleprojektApplicationTests.java:16)
	at pl.edu.pjatk.gradleprojekt.GradleprojektApplicationTests.getCapybara(GradleprojektApplicationTests.java:16)
	at pl.edu.pjatk.gradleprojekt.GradleprojektApplicationTests.getCapybara(GradleprojektApplicationTests.java:16)
	at pl.edu.pjatk.gradleprojekt.GradleprojektApplicationTests.getCapybara(GradleprojektApplicationTests.java:16)
	at pl.edu.pjatk.gradleprojekt.GradleprojektApplicationTests.getCapybara(GradleprojektApplicationTests.java:16)
	at pl.edu.pjatk.gradleprojekt.GradleprojektApplicationTests.getCapybara(GradleprojektApplicationTests.java:16)
	at pl.edu.pjatk.gradleprojekt.GradleprojektApplicationTests.getCapybara(GradleprojektApplicationTests.java:16)
	at pl.edu.pjatk.gradleprojekt.GradleprojektApplicationTests.getCapybara(GradleprojektApplicationTests.java:16)
	at pl.edu.pjatk.gradleprojekt.GradleprojektApplicationTests.getCapybara(GradleprojektApplicationTests.java:16)
	at pl.edu.pjatk.gradleprojekt.GradleprojektApplicationTests.getCapybara(GradleprojektApplicationTests.java:16)
	at pl.edu.pjatk.gradleprojekt.GradleprojektApplicationTests.getCapybara(GradleprojektApplicationTests.java:16)
	at pl.edu.pjatk.gradleprojekt.GradleprojektApplicationTests.getCapybara(GradleprojektApplicationTests.java:16)
	at pl.edu.pjatk.gradleprojekt.GradleprojektApplicationTests.getCapybara(GradleprojektApplicationTests.java:16)
	at pl.edu.pjatk.gradleprojekt.GradleprojektApplicationTests.getCapybara(GradleprojektApplicationTests.java:16)
	at pl.edu.pjatk.gradleprojekt.GradleprojektApplicationTests.getCapybara(GradleprojektApplicationTests.java:16)
	at pl.edu.pjatk.gradleprojekt.GradleprojektApplicationTests.getCapybara(GradleprojektApplicationTests.java:16)
	at pl.edu.pjatk.gradleprojekt.GradleprojektApplicationTests.getCapybara(GradleprojektApplicationTests.java:16)
	at pl.edu.pjatk.gradleprojekt.GradleprojektApplicationTests.getCapybara(GradleprojektApplicationTests.java:16)
	at pl.edu.pjatk.gradleprojekt.GradleprojektApplicationTests.getCapybara(GradleprojektApplicationTests.java:16)
	at pl.edu.pjatk.gradleprojekt.GradleprojektApplicationTests.getCapybara(GradleprojektApplicationTests.java:16)
	at pl.edu.pjatk.gradleprojekt.GradleprojektApplicationTests.getCapybara(GradleprojektApplicationTests.java:16)
	at pl.edu.pjatk.gradleprojekt.GradleprojektApplicationTests.getCapybara(GradleprojektApplicationTests.java:16)
	at pl.edu.pjatk.gradleprojekt.GradleprojektApplicationTests.getCapybara(GradleprojektApplicationTests.java:16)
	at pl.edu.pjatk.gradleprojekt.GradleprojektApplicationTests.getCapybara(GradleprojektApplicationTests.java:16)
	at pl.edu.pjatk.gradleprojekt.GradleprojektApplicationTests.getCapybara(GradleprojektApplicationTests.java:16)
	at pl.edu.pjatk.gradleprojekt.GradleprojektApplicationTests.getCapybara(GradleprojektApplicationTests.java:16)
	at pl.edu.pjatk.gradleprojekt.GradleprojektApplicationTests.getCapybara(GradleprojektApplicationTests.java:16)
	at pl.edu.pjatk.gradleprojekt.GradleprojektApplicationTests.getCapybara(GradleprojektApplicationTests.java:16)
	at pl.edu.pjatk.gradleprojekt.GradleprojektApplicationTests.getCapybara(GradleprojektApplicationTests.java:16)
	at pl.edu.pjatk.gradleprojekt.GradleprojektApplicationTests.getCapybara(GradleprojektApplicationTests.java:16)
	at pl.edu.pjatk.gradleprojekt.GradleprojektApplicationTests.getCapybara(GradleprojektApplicationTests.java:16)
	at pl.edu.pjatk.gradleprojekt.GradleprojektApplicationTests.getCapybara(GradleprojektApplicationTests.java:16)
	at pl.edu.pjatk.gradleprojekt.GradleprojektApplicationTests.getCapybara(GradleprojektApplicationTests.java:16)
	at pl.edu.pjatk.gradleprojekt.GradleprojektApplicationTests.getCapybara(GradleprojektApplicationTests.java:16)
	at pl.edu.pjatk.gradleprojekt.GradleprojektApplicationTests.getCapybara(GradleprojektApplicationTests.java:16)
	at pl.edu.pjatk.gradleprojekt.GradleprojektApplicationTests.getCapybara(GradleprojektApplicationTests.java:16)
	at pl.edu.pjatk.gradleprojekt.GradleprojektApplicationTests.getCapybara(GradleprojektApplicationTests.java:16)
	at pl.edu.pjatk.gradleprojekt.GradleprojektApplicationTests.getCapybara(GradleprojektApplicationTests.java:16)
	at pl.edu.pjatk.gradleprojekt.GradleprojektApplicationTests.getCapybara(GradleprojektApplicationTests.java:16)
	at pl.edu.pjatk.gradleprojekt.GradleprojektApplicationTests.getCapybara(GradleprojektApplicationTests.java:16)
	at pl.edu.pjatk.gradleprojekt.GradleprojektApplicationTests.getCapybara(GradleprojektApplicationTests.java:16)
	at pl.edu.pjatk.gradleprojekt.GradleprojektApplicationTests.getCapybara(GradleprojektApplicationTests.java:16)
	at pl.edu.pjatk.gradleprojekt.GradleprojektApplicationTests.getCapybara(GradleprojektApplicationTests.java:16)
	at pl.edu.pjatk.gradleprojekt.GradleprojektApplicationTests.getCapybara(GradleprojektApplicationTests.java:16)
	at pl.edu.pjatk.gradleprojekt.GradleprojektApplicationTests.getCapybara(GradleprojektApplicationTests.java:16)
	at pl.edu.pjatk.gradleprojekt.GradleprojektApplicationTests.getCapybara(GradleprojektApplicationTests.java:16)
	at pl.edu.pjatk.gradleprojekt.GradleprojektApplicationTests.getCapybara(GradleprojektApplicationTests.java:16)
	at pl.edu.pjatk.gradleprojekt.GradleprojektApplicationTests.getCapybara(GradleprojektApplicationTests.java:16)
	at pl.edu.pjatk.gradleprojekt.GradleprojektApplicationTests.getCapybara(GradleprojektApplicationTests.java:16)
	at pl.edu.pjatk.gradleprojekt.GradleprojektApplicationTests.getCapybara(GradleprojektApplicationTests.java:16)
	at pl.edu.pjatk.gradleprojekt.GradleprojektApplicationTests.getCapybara(GradleprojektApplicationTests.java:16)
	at pl.edu.pjatk.gradleprojekt.GradleprojektApplicationTests.getCapybara(GradleprojektApplicationTests.java:16)
	at pl.edu.pjatk.gradleprojekt.GradleprojektApplicationTests.getCapybara(GradleprojektApplicationTests.java:16)
	at pl.edu.pjatk.gradleprojekt.GradleprojektApplicationTests.getCapybara(GradleprojektApplicationTests.java:16)
	at pl.edu.pjatk.gradleprojekt.GradleprojektApplicationTests.getCapybara(GradleprojektApplicationTests.java:16)
	at pl.edu.pjatk.gradleprojekt.GradleprojektApplicationTests.getCapybara(GradleprojektApplicationTests.java:16)
	at pl.edu.pjatk.gradleprojekt.GradleprojektApplicationTests.getCapybara(GradleprojektApplicationTests.java:16)
	at pl.edu.pjatk.gradleprojekt.GradleprojektApplicationTests.getCapybara(GradleprojektApplicationTests.java:16)
	at pl.edu.pjatk.gradleprojekt.GradleprojektApplicationTests.getCapybara(GradleprojektApplicationTests.java:16)
	at pl.edu.pjatk.gradleprojekt.GradleprojektApplicationTests.getCapybara(GradleprojektApplicationTests.java:16)
	at pl.edu.pjatk.gradleprojekt.GradleprojektApplicationTests.getCapybara(GradleprojektApplicationTests.java:16)
	at pl.edu.pjatk.gradleprojekt.GradleprojektApplicationTests.getCapybara(GradleprojektApplicationTests.java:16)
	at pl.edu.pjatk.gradleprojekt.GradleprojektApplicationTests.getCapybara(GradleprojektApplicationTests.java:16)
	at pl.edu.pjatk.gradleprojekt.GradleprojektApplicationTests.getCapybara(GradleprojektApplicationTests.java:16)
	at pl.edu.pjatk.gradleprojekt.GradleprojektApplicationTests.getCapybara(GradleprojektApplicationTests.java:16)
	at pl.edu.pjatk.gradleprojekt.GradleprojektApplicationTests.getCapybara(GradleprojektApplicationTests.java:16)
	at pl.edu.pjatk.gradleprojekt.GradleprojektApplicationTests.getCapybara(GradleprojektApplicationTests.java:16)
	at pl.edu.pjatk.gradleprojekt.GradleprojektApplicationTests.getCapybara(GradleprojektApplicationTests.java:16)
	at pl.edu.pjatk.gradleprojekt.GradleprojektApplicationTests.getCapybara(GradleprojektApplicationTests.java:16)
	at pl.edu.pjatk.gradleprojekt.GradleprojektApplicationTests.getCapybara(GradleprojektApplicationTests.java:16)
	at pl.edu.pjatk.gradleprojekt.GradleprojektApplicationTests.getCapybara(GradleprojektApplicationTests.java:16)
	at pl.edu.pjatk.gradleprojekt.GradleprojektApplicationTests.getCapybara(GradleprojektApplicationTests.java:16)
	at pl.edu.pjatk.gradleprojekt.GradleprojektApplicationTests.getCapybara(GradleprojektApplicationTests.java:16)
	at pl.edu.pjatk.gradleprojekt.GradleprojektApplicationTests.getCapybara(GradleprojektApplicationTests.java:16)
	at pl.edu.pjatk.gradleprojekt.GradleprojektApplicationTests.getCapybara(GradleprojektApplicationTests.java:16)
	at pl.edu.pjatk.gradleprojekt.GradleprojektApplicationTests.getCapybara(GradleprojektApplicationTests.java:16)
	at pl.edu.pjatk.gradleprojekt.GradleprojektApplicationTests.getCapybara(GradleprojektApplicationTests.java:16)
	at pl.edu.pjatk.gradleprojekt.GradleprojektApplicationTests.getCapybara(GradleprojektApplicationTests.java:16)
	at pl.edu.pjatk.gradleprojekt.GradleprojektApplicationTests.getCapybara(GradleprojektApplicationTests.java:16)
	at pl.edu.pjatk.gradleprojekt.GradleprojektApplicationTests.getCapybara(GradleprojektApplicationTests.java:16)
	at pl.edu.pjatk.gradleprojekt.GradleprojektApplicationTests.getCapybara(GradleprojektApplicationTests.java:16)
	at pl.edu.pjatk.gradleprojekt.GradleprojektApplicationTests.getCapybara(GradleprojektApplicationTests.java:16)
	at pl.edu.pjatk.gradleprojekt.GradleprojektApplicationTests.getCapybara(GradleprojektApplicationTests.java:16)
	at pl.edu.pjatk.gradleprojekt.GradleprojektApplicationTests.getCapybara(GradleprojektApplicationTests.java:16)
	at pl.edu.pjatk.gradleprojekt.GradleprojektApplicationTests.getCapybara(GradleprojektApplicationTests.java:16)
	at pl.edu.pjatk.gradleprojekt.GradleprojektApplicationTests.getCapybara(GradleprojektApplicationTests.java:16)
	at pl.edu.pjatk.gradleprojekt.GradleprojektApplicationTests.getCapybara(GradleprojektApplicationTests.java:16)
	at pl.edu.pjatk.gradleprojekt.GradleprojektApplicationTests.getCapybara(GradleprojektApplicationTests.java:16)
	at pl.edu.pjatk.gradleprojekt.GradleprojektApplicationTests.getCapybara(GradleprojektApplicationTests.java:16)
	at pl.edu.pjatk.gradleprojekt.GradleprojektApplicationTests.getCapybara(GradleprojektApplicationTests.java:16)
	at pl.edu.pjatk.gradleprojekt.GradleprojektApplicationTests.getCapybara(GradleprojektApplicationTests.java:16)
	at pl.edu.pjatk.gradleprojekt.GradleprojektApplicationTests.getCapybara(GradleprojektApplicationTests.java:16)
	at pl.edu.pjatk.gradleprojekt.GradleprojektApplicationTests.getCapybara(GradleprojektApplicationTests.java:16)
	at pl.edu.pjatk.gradleprojekt.GradleprojektApplicationTests.getCapybara(GradleprojektApplicationTests.java:16)
	at pl.edu.pjatk.gradleprojekt.GradleprojektApplicationTests.getCapybara(GradleprojektApplicationTests.java:16)
	at pl.edu.pjatk.gradleprojekt.GradleprojektApplicationTests.getCapybara(GradleprojektApplicationTests.java:16)
	at pl.edu.pjatk.gradleprojekt.GradleprojektApplicationTests.getCapybara(GradleprojektApplicationTests.java:16)
	at pl.edu.pjatk.gradleprojekt.GradleprojektApplicationTests.getCapybara(GradleprojektApplicationTests.java:16)
	at pl.edu.pjatk.gradleprojekt.GradleprojektApplicationTests.getCapybara(GradleprojektApplicationTests.java:16)
	at pl.edu.pjatk.gradleprojekt.GradleprojektApplicationTests.getCapybara(GradleprojektApplicationTests.java:16)
	at pl.edu.pjatk.gradleprojekt.GradleprojektApplicationTests.getCapybara(GradleprojektApplicationTests.java:16)
	at pl.edu.pjatk.gradleprojekt.GradleprojektApplicationTests.getCapybara(GradleprojektApplicationTests.java:16)
	at pl.edu.pjatk.gradleprojekt.GradleprojektApplicationTests.getCapybara(GradleprojektApplicationTests.java:16)
	at pl.edu.pjatk.gradleprojekt.GradleprojektApplicationTests.getCapybara(GradleprojektApplicationTests.java:16)
	at pl.edu.pjatk.gradleprojekt.GradleprojektApplicationTests.getCapybara(GradleprojektApplicationTests.java:16)
	at pl.edu.pjatk.gradleprojekt.GradleprojektApplicationTests.getCapybara(GradleprojektApplicationTests.java:16)
	at pl.edu.pjatk.gradleprojekt.GradleprojektApplicationTests.getCapybara(GradleprojektApplicationTests.java:16)
	at pl.edu.pjatk.gradleprojekt.GradleprojektApplicationTests.getCapybara(GradleprojektApplicationTests.java:16)
	at pl.edu.pjatk.gradleprojekt.GradleprojektApplicationTests.getCapybara(GradleprojektApplicationTests.java:16)
	at pl.edu.pjatk.gradleprojekt.GradleprojektApplicationTests.getCapybara(GradleprojektApplicationTests.java:16)
	at pl.edu.pjatk.gradleprojekt.GradleprojektApplicationTests.getCapybara(GradleprojektApplicationTests.java:16)
	at pl.edu.pjatk.gradleprojekt.GradleprojektApplicationTests.getCapybara(GradleprojektApplicationTests.java:16)
	at pl.edu.pjatk.gradleprojekt.GradleprojektApplicationTests.getCapybara(GradleprojektApplicationTests.java:16)
	at pl.edu.pjatk.gradleprojekt.GradleprojektApplicationTests.getCapybara(GradleprojektApplicationTests.java:16)
	at pl.edu.pjatk.gradleprojekt.GradleprojektApplicationTests.getCapybara(GradleprojektApplicationTests.java:16)
	at pl.edu.pjatk.gradleprojekt.GradleprojektApplicationTests.getCapybara(GradleprojektApplicationTests.java:16)
	at pl.edu.pjatk.gradleprojekt.GradleprojektApplicationTests.getCapybara(GradleprojektApplicationTests.java:16)
	at pl.edu.pjatk.gradleprojekt.GradleprojektApplicationTests.getCapybara(GradleprojektApplicationTests.java:16)
	at pl.edu.pjatk.gradleprojekt.GradleprojektApplicationTests.getCapybara(GradleprojektApplicationTests.java:16)
	at pl.edu.pjatk.gradleprojekt.GradleprojektApplicationTests.getCapybara(GradleprojektApplicationTests.java:16)
	at pl.edu.pjatk.gradleprojekt.GradleprojektApplicationTests.getCapybara(GradleprojektApplicationTests.java:16)
	at pl.edu.pjatk.gradleprojekt.GradleprojektApplicationTests.getCapybara(GradleprojektApplicationTests.java:16)
	at pl.edu.pjatk.gradleprojekt.GradleprojektApplicationTests.getCapybara(GradleprojektApplicationTests.java:16)
	at pl.edu.pjatk.gradleprojekt.GradleprojektApplicationTests.getCapybara(GradleprojektApplicationTests.java:16)
	at pl.edu.pjatk.gradleprojekt.GradleprojektApplicationTests.getCapybara(GradleprojektApplicationTests.java:16)
	at pl.edu.pjatk.gradleprojekt.GradleprojektApplicationTests.getCapybara(GradleprojektApplicationTests.java:16)
	at pl.edu.pjatk.gradleprojekt.GradleprojektApplicationTests.getCapybara(GradleprojektApplicationTests.java:16)
	at pl.edu.pjatk.gradleprojekt.GradleprojektApplicationTests.getCapybara(GradleprojektApplicationTests.java:16)
	at pl.edu.pjatk.gradleprojekt.GradleprojektApplicationTests.getCapybara(GradleprojektApplicationTests.java:16)
	at pl.edu.pjatk.gradleprojekt.GradleprojektApplicationTests.getCapybara(GradleprojektApplicationTests.java:16)
	at pl.edu.pjatk.gradleprojekt.GradleprojektApplicationTests.getCapybara(GradleprojektApplicationTests.java:16)
	at pl.edu.pjatk.gradleprojekt.GradleprojektApplicationTests.getCapybara(GradleprojektApplicationTests.java:16)
	at pl.edu.pjatk.gradleprojekt.GradleprojektApplicationTests.getCapybara(GradleprojektApplicationTests.java:16)
	at pl.edu.pjatk.gradleprojekt.GradleprojektApplicationTests.getCapybara(GradleprojektApplicationTests.java:16)
	at pl.edu.pjatk.gradleprojekt.GradleprojektApplicationTests.getCapybara(GradleprojektApplicationTests.java:16)
	at pl.edu.pjatk.gradleprojekt.GradleprojektApplicationTests.getCapybara(GradleprojektApplicationTests.java:16)
	at pl.edu.pjatk.gradleprojekt.GradleprojektApplicationTests.getCapybara(GradleprojektApplicationTests.java:16)
	at pl.edu.pjatk.gradleprojekt.GradleprojektApplicationTests.getCapybara(GradleprojektApplicationTests.java:16)
	at pl.edu.pjatk.gradleprojekt.GradleprojektApplicationTests.getCapybara(GradleprojektApplicationTests.java:16)
	at pl.edu.pjatk.gradleprojekt.GradleprojektApplicationTests.getCapybara(GradleprojektApplicationTests.java:16)
	at pl.edu.pjatk.gradleprojekt.GradleprojektApplicationTests.getCapybara(GradleprojektApplicationTests.java:16)
	at pl.edu.pjatk.gradleprojekt.GradleprojektApplicationTests.getCapybara(GradleprojektApplicationTests.java:16)
	at pl.edu.pjatk.gradleprojekt.GradleprojektApplicationTests.getCapybara(GradleprojektApplicationTests.java:16)
	at pl.edu.pjatk.gradleprojekt.GradleprojektApplicationTests.getCapybara(GradleprojektApplicationTests.java:16)
	at pl.edu.pjatk.gradleprojekt.GradleprojektApplicationTests.getCapybara(GradleprojektApplicationTests.java:16)
	at pl.edu.pjatk.gradleprojekt.GradleprojektApplicationTests.getCapybara(GradleprojektApplicationTests.java:16)
	at pl.edu.pjatk.gradleprojekt.GradleprojektApplicationTests.getCapybara(GradleprojektApplicationTests.java:16)
	at pl.edu.pjatk.gradleprojekt.GradleprojektApplicationTests.getCapybara(GradleprojektApplicationTests.java:16)
	at pl.edu.pjatk.gradleprojekt.GradleprojektApplicationTests.getCapybara(GradleprojektApplicationTests.java:16)
	at pl.edu.pjatk.gradleprojekt.GradleprojektApplicationTests.getCapybara(GradleprojektApplicationTests.java:16)
	at pl.edu.pjatk.gradleprojekt.GradleprojektApplicationTests.getCapybara(GradleprojektApplicationTests.java:16)
	at pl.edu.pjatk.gradleprojekt.GradleprojektApplicationTests.getCapybara(GradleprojektApplicationTests.java:16)
	at pl.edu.pjatk.gradleprojekt.GradleprojektApplicationTests.getCapybara(GradleprojektApplicationTests.java:16)
	at pl.edu.pjatk.gradleprojekt.GradleprojektApplicationTests.getCapybara(GradleprojektApplicationTests.java:16)
	at pl.edu.pjatk.gradleprojekt.GradleprojektApplicationTests.getCapybara(GradleprojektApplicationTests.java:16)
	at pl.edu.pjatk.gradleprojekt.GradleprojektApplicationTests.getCapybara(GradleprojektApplicationTests.java:16)
	at pl.edu.pjatk.gradleprojekt.GradleprojektApplicationTests.getCapybara(GradleprojektApplicationTests.java:16)
	at pl.edu.pjatk.gradleprojekt.GradleprojektApplicationTests.getCapybara(GradleprojektApplicationTests.java:16)
	at pl.edu.pjatk.gradleprojekt.GradleprojektApplicationTests.getCapybara(GradleprojektApplicationTests.java:16)
	at pl.edu.pjatk.gradleprojekt.GradleprojektApplicationTests.getCapybara(GradleprojektApplicationTests.java:16)
	at pl.edu.pjatk.gradleprojekt.GradleprojektApplicationTests.getCapybara(GradleprojektApplicationTests.java:16)
	at pl.edu.pjatk.gradleprojekt.GradleprojektApplicationTests.getCapybara(GradleprojektApplicationTests.java:16)
	at pl.edu.pjatk.gradleprojekt.GradleprojektApplicationTests.getCapybara(GradleprojektApplicationTests.java:16)
	at pl.edu.pjatk.gradleprojekt.GradleprojektApplicationTests.getCapybara(GradleprojektApplicationTests.java:16)
	at pl.edu.pjatk.gradleprojekt.GradleprojektApplicationTests.getCapybara(GradleprojektApplicationTests.java:16)
	at pl.edu.pjatk.gradleprojekt.GradleprojektApplicationTests.getCapybara(GradleprojektApplicationTests.java:16)
	at pl.edu.pjatk.gradleprojekt.GradleprojektApplicationTests.getCapybara(GradleprojektApplicationTests.java:16)
	at pl.edu.pjatk.gradleprojekt.GradleprojektApplicationTests.getCapybara(GradleprojektApplicationTests.java:16)
	at pl.edu.pjatk.gradleprojekt.GradleprojektApplicationTests.getCapybara(GradleprojektApplicationTests.java:16)
	at pl.edu.pjatk.gradleprojekt.GradleprojektApplicationTests.getCapybara(GradleprojektApplicationTests.java:16)
	at pl.edu.pjatk.gradleprojekt.GradleprojektApplicationTests.getCapybara(GradleprojektApplicationTests.java:16)
	at pl.edu.pjatk.gradleprojekt.GradleprojektApplicationTests.getCapybara(GradleprojektApplicationTests.java:16)
	at pl.edu.pjatk.gradleprojekt.GradleprojektApplicationTests.getCapybara(GradleprojektApplicationTests.java:16)
	at pl.edu.pjatk.gradleprojekt.GradleprojektApplicationTests.getCapybara(GradleprojektApplicationTests.java:16)
	at pl.edu.pjatk.gradleprojekt.GradleprojektApplicationTests.getCapybara(GradleprojektApplicationTests.java:16)
	at pl.edu.pjatk.gradleprojekt.GradleprojektApplicationTests.getCapybara(GradleprojektApplicationTests.java:16)
	at pl.edu.pjatk.gradleprojekt.GradleprojektApplicationTests.getCapybara(GradleprojektApplicationTests.java:16)
	at pl.edu.pjatk.gradleprojekt.GradleprojektApplicationTests.getCapybara(GradleprojektApplicationTests.java:16)
	at pl.edu.pjatk.gradleprojekt.GradleprojektApplicationTests.getCapybara(GradleprojektApplicationTests.java:16)
	at pl.edu.pjatk.gradleprojekt.GradleprojektApplicationTests.getCapybara(GradleprojektApplicationTests.java:16)
	at pl.edu.pjatk.gradleprojekt.GradleprojektApplicationTests.getCapybara(GradleprojektApplicationTests.java:16)
	at pl.edu.pjatk.gradleprojekt.GradleprojektApplicationTests.getCapybara(GradleprojektApplicationTests.java:16)
	at pl.edu.pjatk.gradleprojekt.GradleprojektApplicationTests.getCapybara(GradleprojektApplicationTests.java:16)
	at pl.edu.pjatk.gradleprojekt.GradleprojektApplicationTests.getCapybara(GradleprojektApplicationTests.java:16)
	at pl.edu.pjatk.gradleprojekt.GradleprojektApplicationTests.getCapybara(GradleprojektApplicationTests.java:16)
	at pl.edu.pjatk.gradleprojekt.GradleprojektApplicationTests.getCapybara(GradleprojektApplicationTests.java:16)
	at pl.edu.pjatk.gradleprojekt.GradleprojektApplicationTests.getCapybara(GradleprojektApplicationTests.java:16)
	at pl.edu.pjatk.gradleprojekt.GradleprojektApplicationTests.getCapybara(GradleprojektApplicationTests.java:16)
	at pl.edu.pjatk.gradleprojekt.GradleprojektApplicationTests.getCapybara(GradleprojektApplicationTests.java:16)
	at pl.edu.pjatk.gradleprojekt.GradleprojektApplicationTests.getCapybara(GradleprojektApplicationTests.java:16)
	at pl.edu.pjatk.gradleprojekt.GradleprojektApplicationTests.getCapybara(GradleprojektApplicationTests.java:16)
	at pl.edu.pjatk.gradleprojekt.GradleprojektApplicationTests.getCapybara(GradleprojektApplicationTests.java:16)
	at pl.edu.pjatk.gradleprojekt.GradleprojektApplicationTests.getCapybara(GradleprojektApplicationTests.java:16)
	at pl.edu.pjatk.gradleprojekt.GradleprojektApplicationTests.getCapybara(GradleprojektApplicationTests.java:16)
	at pl.edu.pjatk.gradleprojekt.GradleprojektApplicationTests.getCapybara(GradleprojektApplicationTests.java:16)
	at pl.edu.pjatk.gradleprojekt.GradleprojektApplicationTests.getCapybara(GradleprojektApplicationTests.java:16)
	at pl.edu.pjatk.gradleprojekt.GradleprojektApplicationTests.getCapybara(GradleprojektApplicationTests.java:16)
	at pl.edu.pjatk.gradleprojekt.GradleprojektApplicationTests.getCapybara(GradleprojektApplicationTests.java:16)
	at pl.edu.pjatk.gradleprojekt.GradleprojektApplicationTests.getCapybara(GradleprojektApplicationTests.java:16)
	at pl.edu.pjatk.gradleprojekt.GradleprojektApplicationTests.getCapybara(GradleprojektApplicationTests.java:16)
	at pl.edu.pjatk.gradleprojekt.GradleprojektApplicationTests.getCapybara(GradleprojektApplicationTests.java:16)
	at pl.edu.pjatk.gradleprojekt.GradleprojektApplicationTests.getCapybara(GradleprojektApplicationTests.java:16)
	at pl.edu.pjatk.gradleprojekt.GradleprojektApplicationTests.getCapybara(GradleprojektApplicationTests.java:16)
	at pl.edu.pjatk.gradleprojekt.GradleprojektApplicationTests.getCapybara(GradleprojektApplicationTests.java:16)
	at pl.edu.pjatk.gradleprojekt.GradleprojektApplicationTests.getCapybara(GradleprojektApplicationTests.java:16)
	at pl.edu.pjatk.gradleprojekt.GradleprojektApplicationTests.getCapybara(GradleprojektApplicationTests.java:16)
	at pl.edu.pjatk.gradleprojekt.GradleprojektApplicationTests.getCapybara(GradleprojektApplicationTests.java:16)
	at pl.edu.pjatk.gradleprojekt.GradleprojektApplicationTests.getCapybara(GradleprojektApplicationTests.java:16)
	at pl.edu.pjatk.gradleprojekt.GradleprojektApplicationTests.getCapybara(GradleprojektApplicationTests.java:16)
	at pl.edu.pjatk.gradleprojekt.GradleprojektApplicationTests.getCapybara(GradleprojektApplicationTests.java:16)
	at pl.edu.pjatk.gradleprojekt.GradleprojektApplicationTests.getCapybara(GradleprojektApplicationTests.java:16)
	at pl.edu.pjatk.gradleprojekt.GradleprojektApplicationTests.getCapybara(GradleprojektApplicationTests.java:16)
	at pl.edu.pjatk.gradleprojekt.GradleprojektApplicationTests.getCapybara(GradleprojektApplicationTests.java:16)
	at pl.edu.pjatk.gradleprojekt.GradleprojektApplicationTests.getCapybara(GradleprojektApplicationTests.java:16)
	at pl.edu.pjatk.gradleprojekt.GradleprojektApplicationTests.getCapybara(GradleprojektApplicationTests.java:16)
	at pl.edu.pjatk.gradleprojekt.GradleprojektApplicationTests.getCapybara(GradleprojektApplicationTests.java:16)
	at pl.edu.pjatk.gradleprojekt.GradleprojektApplicationTests.getCapybara(GradleprojektApplicationTests.java:16)
	at pl.edu.pjatk.gradleprojekt.GradleprojektApplicationTests.getCapybara(GradleprojektApplicationTests.java:16)
	at pl.edu.pjatk.gradleprojekt.GradleprojektApplicationTests.getCapybara(GradleprojektApplicationTests.java:16)
	at pl.edu.pjatk.gradleprojekt.GradleprojektApplicationTests.getCapybara(GradleprojektApplicationTests.java:16)
	at pl.edu.pjatk.gradleprojekt.GradleprojektApplicationTests.getCapybara(GradleprojektApplicationTests.java:16)
	at pl.edu.pjatk.gradleprojekt.GradleprojektApplicationTests.getCapybara(GradleprojektApplicationTests.java:16)
	at pl.edu.pjatk.gradleprojekt.GradleprojektApplicationTests.getCapybara(GradleprojektApplicationTests.java:16)
	at pl.edu.pjatk.gradleprojekt.GradleprojektApplicationTests.getCapybara(GradleprojektApplicationTests.java:16)
	at pl.edu.pjatk.gradleprojekt.GradleprojektApplicationTests.getCapybara(GradleprojektApplicationTests.java:16)
	at pl.edu.pjatk.gradleprojekt.GradleprojektApplicationTests.getCapybara(GradleprojektApplicationTests.java:16)
	at pl.edu.pjatk.gradleprojekt.GradleprojektApplicationTests.getCapybara(GradleprojektApplicationTests.java:16)
	at pl.edu.pjatk.gradleprojekt.GradleprojektApplicationTests.getCapybara(GradleprojektApplicationTests.java:16)
	at pl.edu.pjatk.gradleprojekt.GradleprojektApplicationTests.getCapybara(GradleprojektApplicationTests.java:16)
	at pl.edu.pjatk.gradleprojekt.GradleprojektApplicationTests.getCapybara(GradleprojektApplicationTests.java:16)
	at pl.edu.pjatk.gradleprojekt.GradleprojektApplicationTests.getCapybara(GradleprojektApplicationTests.java:16)
	at pl.edu.pjatk.gradleprojekt.GradleprojektApplicationTests.getCapybara(GradleprojektApplicationTests.java:16)
	at pl.edu.pjatk.gradleprojekt.GradleprojektApplicationTests.getCapybara(GradleprojektApplicationTests.java:16)
	at pl.edu.pjatk.gradleprojekt.GradleprojektApplicationTests.getCapybara(GradleprojektApplicationTests.java:16)
	at pl.edu.pjatk.gradleprojekt.GradleprojektApplicationTests.getCapybara(GradleprojektApplicationTests.java:16)
	at pl.edu.pjatk.gradleprojekt.GradleprojektApplicationTests.getCapybara(GradleprojektApplicationTests.java:16)
	at pl.edu.pjatk.gradleprojekt.GradleprojektApplicationTests.getCapybara(GradleprojektApplicationTests.java:16)
	at pl.edu.pjatk.gradleprojekt.GradleprojektApplicationTests.getCapybara(GradleprojektApplicationTests.java:16)
	at pl.edu.pjatk.gradleprojekt.GradleprojektApplicationTests.getCapybara(GradleprojektApplicationTests.java:16)
	at pl.edu.pjatk.gradleprojekt.GradleprojektApplicationTests.getCapybara(GradleprojektApplicationTests.java:16)
	at pl.edu.pjatk.gradleprojekt.GradleprojektApplicationTests.getCapybara(GradleprojektApplicationTests.java:16)
	at pl.edu.pjatk.gradleprojekt.GradleprojektApplicationTests.getCapybara(GradleprojektApplicationTests.java:16)
	at pl.edu.pjatk.gradleprojekt.GradleprojektApplicationTests.getCapybara(GradleprojektApplicationTests.java:16)
	at pl.edu.pjatk.gradleprojekt.GradleprojektApplicationTests.getCapybara(GradleprojektApplicationTests.java:16)
	at pl.edu.pjatk.gradleprojekt.GradleprojektApplicationTests.getCapybara(GradleprojektApplicationTests.java:16)
	at pl.edu.pjatk.gradleprojekt.GradleprojektApplicationTests.getCapybara(GradleprojektApplicationTests.java:16)
	at pl.edu.pjatk.gradleprojekt.GradleprojektApplicationTests.getCapybara(GradleprojektApplicationTests.java:16)
	at pl.edu.pjatk.gradleprojekt.GradleprojektApplicationTests.getCapybara(GradleprojektApplicationTests.java:16)
	at pl.edu.pjatk.gradleprojekt.GradleprojektApplicationTests.getCapybara(GradleprojektApplicationTests.java:16)
	at pl.edu.pjatk.gradleprojekt.GradleprojektApplicationTests.getCapybara(GradleprojektApplicationTests.java:16)
	at pl.edu.pjatk.gradleprojekt.GradleprojektApplicationTests.getCapybara(GradleprojektApplicationTests.java:16)
	at pl.edu.pjatk.gradleprojekt.GradleprojektApplicationTests.getCapybara(GradleprojektApplicationTests.java:16)
	at pl.edu.pjatk.gradleprojekt.GradleprojektApplicationTests.getCapybara(GradleprojektApplicationTests.java:16)
	at pl.edu.pjatk.gradleprojekt.GradleprojektApplicationTests.getCapybara(GradleprojektApplicationTests.java:16)
	at pl.edu.pjatk.gradleprojekt.GradleprojektApplicationTests.getCapybara(GradleprojektApplicationTests.java:16)
	at pl.edu.pjatk.gradleprojekt.GradleprojektApplicationTests.getCapybara(GradleprojektApplicationTests.java:16)
	at pl.edu.pjatk.gradleprojekt.GradleprojektApplicationTests.getCapybara(GradleprojektApplicationTests.java:16)
	at pl.edu.pjatk.gradleprojekt.GradleprojektApplicationTests.getCapybara(GradleprojektApplicationTests.java:16)
	at pl.edu.pjatk.gradleprojekt.GradleprojektApplicationTests.getCapybara(GradleprojektApplicationTests.java:16)
	at pl.edu.pjatk.gradleprojekt.GradleprojektApplicationTests.getCapybara(GradleprojektApplicationTests.java:16)
	at pl.edu.pjatk.gradleprojekt.GradleprojektApplicationTests.getCapybara(GradleprojektApplicationTests.java:16)
	at pl.edu.pjatk.gradleprojekt.GradleprojektApplicationTests.getCapybara(GradleprojektApplicationTests.java:16)
	at pl.edu.pjatk.gradleprojekt.GradleprojektApplicationTests.getCapybara(GradleprojektApplicationTests.java:16)
	at pl.edu.pjatk.gradleprojekt.GradleprojektApplicationTests.getCapybara(GradleprojektApplicationTests.java:16)
	at pl.edu.pjatk.gradleprojekt.GradleprojektApplicationTests.getCapybara(GradleprojektApplicationTests.java:16)
	at pl.edu.pjatk.gradleprojekt.GradleprojektApplicationTests.getCapybara(GradleprojektApplicationTests.java:16)
	at pl.edu.pjatk.gradleprojekt.GradleprojektApplicationTests.getCapybara(GradleprojektApplicationTests.java:16)
	at pl.edu.pjatk.gradleprojekt.GradleprojektApplicationTests.getCapybara(GradleprojektApplicationTests.java:16)
	at pl.edu.pjatk.gradleprojekt.GradleprojektApplicationTests.getCapybara(GradleprojektApplicationTests.java:16)
	at pl.edu.pjatk.gradleprojekt.GradleprojektApplicationTests.getCapybara(GradleprojektApplicationTests.java:16)
	at pl.edu.pjatk.gradleprojekt.GradleprojektApplicationTests.getCapybara(GradleprojektApplicationTests.java:16)
	at pl.edu.pjatk.gradleprojekt.GradleprojektApplicationTests.getCapybara(GradleprojektApplicationTests.java:16)
	at pl.edu.pjatk.gradleprojekt.GradleprojektApplicationTests.getCapybara(GradleprojektApplicationTests.java:16)
	at pl.edu.pjatk.gradleprojekt.GradleprojektApplicationTests.getCapybara(GradleprojektApplicationTests.java:16)
	at pl.edu.pjatk.gradleprojekt.GradleprojektApplicationTests.getCapybara(GradleprojektApplicationTests.java:16)
	at pl.edu.pjatk.gradleprojekt.GradleprojektApplicationTests.getCapybara(GradleprojektApplicationTests.java:16)
	at pl.edu.pjatk.gradleprojekt.GradleprojektApplicationTests.getCapybara(GradleprojektApplicationTests.java:16)
	at pl.edu.pjatk.gradleprojekt.GradleprojektApplicationTests.getCapybara(GradleprojektApplicationTests.java:16)
	at pl.edu.pjatk.gradleprojekt.GradleprojektApplicationTests.getCapybara(GradleprojektApplicationTests.java:16)
	at pl.edu.pjatk.gradleprojekt.GradleprojektApplicationTests.getCapybara(GradleprojektApplicationTests.java:16)
	at pl.edu.pjatk.gradleprojekt.GradleprojektApplicationTests.getCapybara(GradleprojektApplicationTests.java:16)
	at pl.edu.pjatk.gradleprojekt.GradleprojektApplicationTests.getCapybara(GradleprojektApplicationTests.java:16)
	at pl.edu.pjatk.gradleprojekt.GradleprojektApplicationTests.getCapybara(GradleprojektApplicationTests.java:16)
	at pl.edu.pjatk.gradleprojekt.GradleprojektApplicationTests.getCapybara(GradleprojektApplicationTests.java:16)
	at pl.edu.pjatk.gradleprojekt.GradleprojektApplicationTests.getCapybara(GradleprojektApplicationTests.java:16)
	at pl.edu.pjatk.gradleprojekt.GradleprojektApplicationTests.getCapybara(GradleprojektApplicationTests.java:16)
	at pl.edu.pjatk.gradleprojekt.GradleprojektApplicationTests.getCapybara(GradleprojektApplicationTests.java:16)
	at pl.edu.pjatk.gradleprojekt.GradleprojektApplicationTests.getCapybara(GradleprojektApplicationTests.java:16)
	at pl.edu.pjatk.gradleprojekt.GradleprojektApplicationTests.getCapybara(GradleprojektApplicationTests.java:16)
	at pl.edu.pjatk.gradleprojekt.GradleprojektApplicationTests.getCapybara(GradleprojektApplicationTests.java:16)
	at pl.edu.pjatk.gradleprojekt.GradleprojektApplicationTests.getCapybara(GradleprojektApplicationTests.java:16)
	at pl.edu.pjatk.gradleprojekt.GradleprojektApplicationTests.getCapybara(GradleprojektApplicationTests.java:16)
	at pl.edu.pjatk.gradleprojekt.GradleprojektApplicationTests.getCapybara(GradleprojektApplicationTests.java:16)
	at pl.edu.pjatk.gradleprojekt.GradleprojektApplicationTests.getCapybara(GradleprojektApplicationTests.java:16)
	at pl.edu.pjatk.gradleprojekt.GradleprojektApplicationTests.getCapybara(GradleprojektApplicationTests.java:16)
	at pl.edu.pjatk.gradleprojekt.GradleprojektApplicationTests.getCapybara(GradleprojektApplicationTests.java:16)
	at pl.edu.pjatk.gradleprojekt.GradleprojektApplicationTests.getCapybara(GradleprojektApplicationTests.java:16)
	at pl.edu.pjatk.gradleprojekt.GradleprojektApplicationTests.getCapybara(GradleprojektApplicationTests.java:16)
	at pl.edu.pjatk.gradleprojekt.GradleprojektApplicationTests.getCapybara(GradleprojektApplicationTests.java:16)
	at pl.edu.pjatk.gradleprojekt.GradleprojektApplicationTests.getCapybara(GradleprojektApplicationTests.java:16)
	at pl.edu.pjatk.gradleprojekt.GradleprojektApplicationTests.getCapybara(GradleprojektApplicationTests.java:16)
	at pl.edu.pjatk.gradleprojekt.GradleprojektApplicationTests.getCapybara(GradleprojektApplicationTests.java:16)
	at pl.edu.pjatk.gradleprojekt.GradleprojektApplicationTests.getCapybara(GradleprojektApplicationTests.java:16)
	at pl.edu.pjatk.gradleprojekt.GradleprojektApplicationTests.getCapybara(GradleprojektApplicationTests.java:16)
	at pl.edu.pjatk.gradleprojekt.GradleprojektApplicationTests.getCapybara(GradleprojektApplicationTests.java:16)
	at pl.edu.pjatk.gradleprojekt.GradleprojektApplicationTests.getCapybara(GradleprojektApplicationTests.java:16)
	at pl.edu.pjatk.gradleprojekt.GradleprojektApplicationTests.getCapybara(GradleprojektApplicationTests.java:16)
	at pl.edu.pjatk.gradleprojekt.GradleprojektApplicationTests.getCapybara(GradleprojektApplicationTests.java:16)
	at pl.edu.pjatk.gradleprojekt.GradleprojektApplicationTests.getCapybara(GradleprojektApplicationTests.java:16)
	at pl.edu.pjatk.gradleprojekt.GradleprojektApplicationTests.getCapybara(GradleprojektApplicationTests.java:16)
	at pl.edu.pjatk.gradleprojekt.GradleprojektApplicationTests.getCapybara(GradleprojektApplicationTests.java:16)
	at pl.edu.pjatk.gradleprojekt.GradleprojektApplicationTests.getCapybara(GradleprojektApplicationTests.java:16)
	at pl.edu.pjatk.gradleprojekt.GradleprojektApplicationTests.getCapybara(GradleprojektApplicationTests.java:16)
	at pl.edu.pjatk.gradleprojekt.GradleprojektApplicationTests.getCapybara(GradleprojektApplicationTests.java:16)
	at pl.edu.pjatk.gradleprojekt.GradleprojektApplicationTests.getCapybara(GradleprojektApplicationTests.java:16)
	at pl.edu.pjatk.gradleprojekt.GradleprojektApplicationTests.getCapybara(GradleprojektApplicationTests.java:16)
	at pl.edu.pjatk.gradleprojekt.GradleprojektApplicationTests.getCapybara(GradleprojektApplicationTests.java:16)
	at pl.edu.pjatk.gradleprojekt.GradleprojektApplicationTests.getCapybara(GradleprojektApplicationTests.java:16)
	at pl.edu.pjatk.gradleprojekt.GradleprojektApplicationTests.getCapybara(GradleprojektApplicationTests.java:16)
	at pl.edu.pjatk.gradleprojekt.GradleprojektApplicationTests.getCapybara(GradleprojektApplicationTests.java:16)
	at pl.edu.pjatk.gradleprojekt.GradleprojektApplicationTests.getCapybara(GradleprojektApplicationTests.java:16)
	at pl.edu.pjatk.gradleprojekt.GradleprojektApplicationTests.getCapybara(GradleprojektApplicationTests.java:16)
	at pl.edu.pjatk.gradleprojekt.GradleprojektApplicationTests.getCapybara(GradleprojektApplicationTests.java:16)
	at pl.edu.pjatk.gradleprojekt.GradleprojektApplicationTests.getCapybara(GradleprojektApplicationTests.java:16)
	at pl.edu.pjatk.gradleprojekt.GradleprojektApplicationTests.getCapybara(GradleprojektApplicationTests.java:16)
	at pl.edu.pjatk.gradleprojekt.GradleprojektApplicationTests.getCapybara(GradleprojektApplicationTests.java:16)
	at pl.edu.pjatk.gradleprojekt.GradleprojektApplicationTests.getCapybara(GradleprojektApplicationTests.java:16)
	at pl.edu.pjatk.gradleprojekt.GradleprojektApplicationTests.getCapybara(GradleprojektApplicationTests.java:16)
	at pl.edu.pjatk.gradleprojekt.GradleprojektApplicationTests.getCapybara(GradleprojektApplicationTests.java:16)
	at pl.edu.pjatk.gradleprojekt.GradleprojektApplicationTests.getCapybara(GradleprojektApplicationTests.java:16)
	at pl.edu.pjatk.gradleprojekt.GradleprojektApplicationTests.getCapybara(GradleprojektApplicationTests.java:16)
	at pl.edu.pjatk.gradleprojekt.GradleprojektApplicationTests.getCapybara(GradleprojektApplicationTests.java:16)
	at pl.edu.pjatk.gradleprojekt.GradleprojektApplicationTests.getCapybara(GradleprojektApplicationTests.java:16)
	at pl.edu.pjatk.gradleprojekt.GradleprojektApplicationTests.getCapybara(GradleprojektApplicationTests.java:16)
	at pl.edu.pjatk.gradleprojekt.GradleprojektApplicationTests.getCapybara(GradleprojektApplicationTests.java:16)
	at pl.edu.pjatk.gradleprojekt.GradleprojektApplicationTests.getCapybara(GradleprojektApplicationTests.java:16)
	at pl.edu.pjatk.gradleprojekt.GradleprojektApplicationTests.getCapybara(GradleprojektApplicationTests.java:16)
	at pl.edu.pjatk.gradleprojekt.GradleprojektApplicationTests.getCapybara(GradleprojektApplicationTests.java:16)
	at pl.edu.pjatk.gradleprojekt.GradleprojektApplicationTests.getCapybara(GradleprojektApplicationTests.java:16)
	at pl.edu.pjatk.gradleprojekt.GradleprojektApplicationTests.getCapybara(GradleprojektApplicationTests.java:16)
	at pl.edu.pjatk.gradleprojekt.GradleprojektApplicationTests.getCapybara(GradleprojektApplicationTests.java:16)
	at pl.edu.pjatk.gradleprojekt.GradleprojektApplicationTests.getCapybara(GradleprojektApplicationTests.java:16)
	at pl.edu.pjatk.gradleprojekt.GradleprojektApplicationTests.getCapybara(GradleprojektApplicationTests.java:16)
	at pl.edu.pjatk.gradleprojekt.GradleprojektApplicationTests.getCapybara(GradleprojektApplicationTests.java:16)
	at pl.edu.pjatk.gradleprojekt.GradleprojektApplicationTests.getCapybara(GradleprojektApplicationTests.java:16)
	at pl.edu.pjatk.gradleprojekt.GradleprojektApplicationTests.getCapybara(GradleprojektApplicationTests.java:16)
	at pl.edu.pjatk.gradleprojekt.GradleprojektApplicationTests.getCapybara(GradleprojektApplicationTests.java:16)
	at pl.edu.pjatk.gradleprojekt.GradleprojektApplicationTests.getCapybara(GradleprojektApplicationTests.java:16)
	at pl.edu.pjatk.gradleprojekt.GradleprojektApplicationTests.getCapybara(GradleprojektApplicationTests.java:16)
	at pl.edu.pjatk.gradleprojekt.GradleprojektApplicationTests.getCapybara(GradleprojektApplicationTests.java:16)
	at pl.edu.pjatk.gradleprojekt.GradleprojektApplicationTests.getCapybara(GradleprojektApplicationTests.java:16)
	at pl.edu.pjatk.gradleprojekt.GradleprojektApplicationTests.getCapybara(GradleprojektApplicationTests.java:16)
	at pl.edu.pjatk.gradleprojekt.GradleprojektApplicationTests.getCapybara(GradleprojektApplicationTests.java:16)
	at pl.edu.pjatk.gradleprojekt.GradleprojektApplicationTests.getCapybara(GradleprojektApplicationTests.java:16)
	at pl.edu.pjatk.gradleprojekt.GradleprojektApplicationTests.getCapybara(GradleprojektApplicationTests.java:16)
	at pl.edu.pjatk.gradleprojekt.GradleprojektApplicationTests.getCapybara(GradleprojektApplicationTests.java:16)
	at pl.edu.pjatk.gradleprojekt.GradleprojektApplicationTests.getCapybara(GradleprojektApplicationTests.java:16)
	at pl.edu.pjatk.gradleprojekt.GradleprojektApplicationTests.getCapybara(GradleprojektApplicationTests.java:16)
	at pl.edu.pjatk.gradleprojekt.GradleprojektApplicationTests.getCapybara(GradleprojektApplicationTests.java:16)
	at pl.edu.pjatk.gradleprojekt.GradleprojektApplicationTests.getCapybara(GradleprojektApplicationTests.java:16)
	at pl.edu.pjatk.gradleprojekt.GradleprojektApplicationTests.getCapybara(GradleprojektApplicationTests.java:16)
	at pl.edu.pjatk.gradleprojekt.GradleprojektApplicationTests.getCapybara(GradleprojektApplicationTests.java:16)
	at pl.edu.pjatk.gradleprojekt.GradleprojektApplicationTests.getCapybara(GradleprojektApplicationTests.java:16)
	at pl.edu.pjatk.gradleprojekt.GradleprojektApplicationTests.getCapybara(GradleprojektApplicationTests.java:16)
	at pl.edu.pjatk.gradleprojekt.GradleprojektApplicationTests.getCapybara(GradleprojektApplicationTests.java:16)
	at pl.edu.pjatk.gradleprojekt.GradleprojektApplicationTests.getCapybara(GradleprojektApplicationTests.java:16)
	at pl.edu.pjatk.gradleprojekt.GradleprojektApplicationTests.getCapybara(GradleprojektApplicationTests.java:16)
	at pl.edu.pjatk.gradleprojekt.GradleprojektApplicationTests.getCapybara(GradleprojektApplicationTests.java:16)
	at pl.edu.pjatk.gradleprojekt.GradleprojektApplicationTests.getCapybara(GradleprojektApplicationTests.java:16)
	at pl.edu.pjatk.gradleprojekt.GradleprojektApplicationTests.getCapybara(GradleprojektApplicationTests.java:16)
	at pl.edu.pjatk.gradleprojekt.GradleprojektApplicationTests.getCapybara(GradleprojektApplicationTests.java:16)
	at pl.edu.pjatk.gradleprojekt.GradleprojektApplicationTests.getCapybara(GradleprojektApplicationTests.java:16)
	at pl.edu.pjatk.gradleprojekt.GradleprojektApplicationTests.getCapybara(GradleprojektApplicationTests.java:16)
	at pl.edu.pjatk.gradleprojekt.GradleprojektApplicationTests.getCapybara(GradleprojektApplicationTests.java:16)
	at pl.edu.pjatk.gradleprojekt.GradleprojektApplicationTests.getCapybara(GradleprojektApplicationTests.java:16)
	at pl.edu.pjatk.gradleprojekt.GradleprojektApplicationTests.getCapybara(GradleprojektApplicationTests.java:16)
	at pl.edu.pjatk.gradleprojekt.GradleprojektApplicationTests.getCapybara(GradleprojektApplicationTests.java:16)
	at pl.edu.pjatk.gradleprojekt.GradleprojektApplicationTests.getCapybara(GradleprojektApplicationTests.java:16)
	at pl.edu.pjatk.gradleprojekt.GradleprojektApplicationTests.getCapybara(GradleprojektApplicationTests.java:16)
	at pl.edu.pjatk.gradleprojekt.GradleprojektApplicationTests.getCapybara(GradleprojektApplicationTests.java:16)
	at pl.edu.pjatk.gradleprojekt.GradleprojektApplicationTests.getCapybara(GradleprojektApplicationTests.java:16)
	at pl.edu.pjatk.gradleprojekt.GradleprojektApplicationTests.getCapybara(GradleprojektApplicationTests.java:16)
	at pl.edu.pjatk.gradleprojekt.GradleprojektApplicationTests.getCapybara(GradleprojektApplicationTests.java:16)
	at pl.edu.pjatk.gradleprojekt.GradleprojektApplicationTests.getCapybara(GradleprojektApplicationTests.java:16)
	at pl.edu.pjatk.gradleprojekt.GradleprojektApplicationTests.getCapybara(GradleprojektApplicationTests.java:16)
	at pl.edu.pjatk.gradleprojekt.GradleprojektApplicationTests.getCapybara(GradleprojektApplicationTests.java:16)
	at pl.edu.pjatk.gradleprojekt.GradleprojektApplicationTests.getCapybara(GradleprojektApplicationTests.java:16)
	at pl.edu.pjatk.gradleprojekt.GradleprojektApplicationTests.getCapybara(GradleprojektApplicationTests.java:16)
	at pl.edu.pjatk.gradleprojekt.GradleprojektApplicationTests.getCapybara(GradleprojektApplicationTests.java:16)
	at pl.edu.pjatk.gradleprojekt.GradleprojektApplicationTests.getCapybara(GradleprojektApplicationTests.java:16)
	at pl.edu.pjatk.gradleprojekt.GradleprojektApplicationTests.getCapybara(GradleprojektApplicationTests.java:16)
	at pl.edu.pjatk.gradleprojekt.GradleprojektApplicationTests.getCapybara(GradleprojektApplicationTests.java:16)
	at pl.edu.pjatk.gradleprojekt.GradleprojektApplicationTests.getCapybara(GradleprojektApplicationTests.java:16)
	at pl.edu.pjatk.gradleprojekt.GradleprojektApplicationTests.getCapybara(GradleprojektApplicationTests.java:16)
	at pl.edu.pjatk.gradleprojekt.GradleprojektApplicationTests.getCapybara(GradleprojektApplicationTests.java:16)
	at pl.edu.pjatk.gradleprojekt.GradleprojektApplicationTests.getCapybara(GradleprojektApplicationTests.java:16)
	at pl.edu.pjatk.gradleprojekt.GradleprojektApplicationTests.getCapybara(GradleprojektApplicationTests.java:16)
	at pl.edu.pjatk.gradleprojekt.GradleprojektApplicationTests.getCapybara(GradleprojektApplicationTests.java:16)
	at pl.edu.pjatk.gradleprojekt.GradleprojektApplicationTests.getCapybara(GradleprojektApplicationTests.java:16)
	at pl.edu.pjatk.gradleprojekt.GradleprojektApplicationTests.getCapybara(GradleprojektApplicationTests.java:16)
	at pl.edu.pjatk.gradleprojekt.GradleprojektApplicationTests.getCapybara(GradleprojektApplicationTests.java:16)
	at pl.edu.pjatk.gradleprojekt.GradleprojektApplicationTests.getCapybara(GradleprojektApplicationTests.java:16)
	at pl.edu.pjatk.gradleprojekt.GradleprojektApplicationTests.getCapybara(GradleprojektApplicationTests.java:16)
	at pl.edu.pjatk.gradleprojekt.GradleprojektApplicationTests.getCapybara(GradleprojektApplicationTests.java:16)
	at pl.edu.pjatk.gradleprojekt.GradleprojektApplicationTests.getCapybara(GradleprojektApplicationTests.java:16)
	at pl.edu.pjatk.gradleprojekt.GradleprojektApplicationTests.getCapybara(GradleprojektApplicationTests.java:16)
	at pl.edu.pjatk.gradleprojekt.GradleprojektApplicationTests.getCapybara(GradleprojektApplicationTests.java:16)
	at pl.edu.pjatk.gradleprojekt.GradleprojektApplicationTests.getCapybara(GradleprojektApplicationTests.java:16)
	at pl.edu.pjatk.gradleprojekt.GradleprojektApplicationTests.getCapybara(GradleprojektApplicationTests.java:16)
	at pl.edu.pjatk.gradleprojekt.GradleprojektApplicationTests.getCapybara(GradleprojektApplicationTests.java:16)
	at pl.edu.pjatk.gradleprojekt.GradleprojektApplicationTests.getCapybara(GradleprojektApplicationTests.java:16)
	at pl.edu.pjatk.gradleprojekt.GradleprojektApplicationTests.getCapybara(GradleprojektApplicationTests.java:16)
	at pl.edu.pjatk.gradleprojekt.GradleprojektApplicationTests.getCapybara(GradleprojektApplicationTests.java:16)
	at pl.edu.pjatk.gradleprojekt.GradleprojektApplicationTests.getCapybara(GradleprojektApplicationTests.java:16)
	at pl.edu.pjatk.gradleprojekt.GradleprojektApplicationTests.getCapybara(GradleprojektApplicationTests.java:16)
	at pl.edu.pjatk.gradleprojekt.GradleprojektApplicationTests.getCapybara(GradleprojektApplicationTests.java:16)
	at pl.edu.pjatk.gradleprojekt.GradleprojektApplicationTests.getCapybara(GradleprojektApplicationTests.java:16)
	at pl.edu.pjatk.gradleprojekt.GradleprojektApplicationTests.getCapybara(GradleprojektApplicationTests.java:16)
	at pl.edu.pjatk.gradleprojekt.GradleprojektApplicationTests.getCapybara(GradleprojektApplicationTests.java:16)
	at pl.edu.pjatk.gradleprojekt.GradleprojektApplicationTests.getCapybara(GradleprojektApplicationTests.java:16)
	at pl.edu.pjatk.gradleprojekt.GradleprojektApplicationTests.getCapybara(GradleprojektApplicationTests.java:16)
	at pl.edu.pjatk.gradleprojekt.GradleprojektApplicationTests.getCapybara(GradleprojektApplicationTests.java:16)
	at pl.edu.pjatk.gradleprojekt.GradleprojektApplicationTests.getCapybara(GradleprojektApplicationTests.java:16)
	at pl.edu.pjatk.gradleprojekt.GradleprojektApplicationTests.getCapybara(GradleprojektApplicationTests.java:16)
	at pl.edu.pjatk.gradleprojekt.GradleprojektApplicationTests.getCapybara(GradleprojektApplicationTests.java:16)
	at pl.edu.pjatk.gradleprojekt.GradleprojektApplicationTests.getCapybara(GradleprojektApplicationTests.java:16)
	at pl.edu.pjatk.gradleprojekt.GradleprojektApplicationTests.getCapybara(GradleprojektApplicationTests.java:16)
	at pl.edu.pjatk.gradleprojekt.GradleprojektApplicationTests.getCapybara(GradleprojektApplicationTests.java:16)
	at pl.edu.pjatk.gradleprojekt.GradleprojektApplicationTests.getCapybara(GradleprojektApplicationTests.java:16)
	at pl.edu.pjatk.gradleprojekt.GradleprojektApplicationTests.getCapybara(GradleprojektApplicationTests.java:16)
	at pl.edu.pjatk.gradleprojekt.GradleprojektApplicationTests.getCapybara(GradleprojektApplicationTests.java:16)
	at pl.edu.pjatk.gradleprojekt.GradleprojektApplicationTests.getCapybara(GradleprojektApplicationTests.java:16)
	at pl.edu.pjatk.gradleprojekt.GradleprojektApplicationTests.getCapybara(GradleprojektApplicationTests.java:16)
	at pl.edu.pjatk.gradleprojekt.GradleprojektApplicationTests.getCapybara(GradleprojektApplicationTests.java:16)
	at pl.edu.pjatk.gradleprojekt.GradleprojektApplicationTests.getCapybara(GradleprojektApplicationTests.java:16)
	at pl.edu.pjatk.gradleprojekt.GradleprojektApplicationTests.getCapybara(GradleprojektApplicationTests.java:16)
	at pl.edu.pjatk.gradleprojekt.GradleprojektApplicationTests.getCapybara(GradleprojektApplicationTests.java:16)
	at pl.edu.pjatk.gradleprojekt.GradleprojektApplicationTests.getCapybara(GradleprojektApplicationTests.java:16)
	at pl.edu.pjatk.gradleprojekt.GradleprojektApplicationTests.getCapybara(GradleprojektApplicationTests.java:16)
	at pl.edu.pjatk.gradleprojekt.GradleprojektApplicationTests.getCapybara(GradleprojektApplicationTests.java:16)
	at pl.edu.pjatk.gradleprojekt.GradleprojektApplicationTests.getCapybara(GradleprojektApplicationTests.java:16)
	at pl.edu.pjatk.gradleprojekt.GradleprojektApplicationTests.getCapybara(GradleprojektApplicationTests.java:16)
	at pl.edu.pjatk.gradleprojekt.GradleprojektApplicationTests.getCapybara(GradleprojektApplicationTests.java:16)
	at pl.edu.pjatk.gradleprojekt.GradleprojektApplicationTests.getCapybara(GradleprojektApplicationTests.java:16)
	at pl.edu.pjatk.gradleprojekt.GradleprojektApplicationTests.getCapybara(GradleprojektApplicationTests.java:16)
[...]
	at pl.edu.pjatk.gradleprojekt.GradleprojektApplicationTests.getCapybara(GradleprojektApplicationTests.java:16)
	at pl.edu.pjatk.gradleprojekt.GradleprojektApplicationTests.getCapybara(GradleprojektApplicationTests.java:16)
	at pl.edu.pjatk.gradleprojekt.GradleprojektApplicationTests.getCapybara(GradleprojektApplicationTests.java:16)
	at pl.edu.pjatk.gradleprojekt.GradleprojektApplicationTests.getCapybara(GradleprojektApplicationTests.java:16)
	at pl.edu.pjatk.gradleprojekt.GradleprojektApplicationTests.getCapybara(GradleprojektApplicationTests.java:16)
	at pl.edu.pjatk.gradleprojekt.GradleprojektApplicationTests.getCapybara(GradleprojektApplicationTests.java:16)
	at pl.edu.pjatk.gradleprojekt.GradleprojektApplicationTests.getCapybara(GradleprojektApplicationTests.java:16)
	at pl.edu.pjatk.gradleprojekt.GradleprojektApplicationTests.getCapybara(GradleprojektApplicationTests.java:16)
	at pl.edu.pjatk.gradleprojekt.GradleprojektApplicationTests.getCapybara(GradleprojektApplicationTests.java:16)
	at pl.edu.pjatk.gradleprojekt.GradleprojektApplicationTests.getCapybara(GradleprojektApplicationTests.java:16)
	at pl.edu.pjatk.gradleprojekt.GradleprojektApplicationTests.getCapybara(GradleprojektApplicationTests.java:16)
	at pl.edu.pjatk.gradleprojekt.GradleprojektApplicationTests.getCapybara(GradleprojektApplicationTests.java:16)
	at pl.edu.pjatk.gradleprojekt.GradleprojektApplicationTests.getCapybara(GradleprojektApplicationTests.java:16)
	at pl.edu.pjatk.gradleprojekt.GradleprojektApplicationTests.getCapybara(GradleprojektApplicationTests.java:16)
	at pl.edu.pjatk.gradleprojekt.GradleprojektApplicationTests.getCapybara(GradleprojektApplicationTests.java:16)
	at pl.edu.pjatk.gradleprojekt.GradleprojektApplicationTests.getCapybara(GradleprojektApplicationTests.java:16)
	at pl.edu.pjatk.gradleprojekt.GradleprojektApplicationTests.getCapybara(GradleprojektApplicationTests.java:16)
	at pl.edu.pjatk.gradleprojekt.GradleprojektApplicationTests.getCapybara(GradleprojektApplicationTests.java:16)
	at pl.edu.pjatk.gradleprojekt.GradleprojektApplicationTests.getCapybara(GradleprojektApplicationTests.java:16)
	at pl.edu.pjatk.gradleprojekt.GradleprojektApplicationTests.getCapybara(GradleprojektApplicationTests.java:16)
	at pl.edu.pjatk.gradleprojekt.GradleprojektApplicationTests.getCapybara(GradleprojektApplicationTests.java:16)
	at pl.edu.pjatk.gradleprojekt.GradleprojektApplicationTests.getCapybara(GradleprojektApplicationTests.java:16)
	at pl.edu.pjatk.gradleprojekt.GradleprojektApplicationTests.getCapybara(GradleprojektApplicationTests.java:16)
	at pl.edu.pjatk.gradleprojekt.GradleprojektApplicationTests.getCapybara(GradleprojektApplicationTests.java:16)
	at pl.edu.pjatk.gradleprojekt.GradleprojektApplicationTests.getCapybara(GradleprojektApplicationTests.java:16)
	at pl.edu.pjatk.gradleprojekt.GradleprojektApplicationTests.getCapybara(GradleprojektApplicationTests.java:16)
	at pl.edu.pjatk.gradleprojekt.GradleprojektApplicationTests.getCapybara(GradleprojektApplicationTests.java:16)
	at pl.edu.pjatk.gradleprojekt.GradleprojektApplicationTests.getCapybara(GradleprojektApplicationTests.java:16)
	at pl.edu.pjatk.gradleprojekt.GradleprojektApplicationTests.getCapybara(GradleprojektApplicationTests.java:16)
	at pl.edu.pjatk.gradleprojekt.GradleprojektApplicationTests.getCapybara(GradleprojektApplicationTests.java:16)
	at pl.edu.pjatk.gradleprojekt.GradleprojektApplicationTests.getCapybara(GradleprojektApplicationTests.java:16)
	at pl.edu.pjatk.gradleprojekt.GradleprojektApplicationTests.getCapybara(GradleprojektApplicationTests.java:16)
	at pl.edu.pjatk.gradleprojekt.GradleprojektApplicationTests.getCapybara(GradleprojektApplicationTests.java:16)
	at pl.edu.pjatk.gradleprojekt.GradleprojektApplicationTests.getCapybara(GradleprojektApplicationTests.java:16)
	at pl.edu.pjatk.gradleprojekt.GradleprojektApplicationTests.getCapybara(GradleprojektApplicationTests.java:16)
	at pl.edu.pjatk.gradleprojekt.GradleprojektApplicationTests.getCapybara(GradleprojektApplicationTests.java:16)
	at pl.edu.pjatk.gradleprojekt.GradleprojektApplicationTests.getCapybara(GradleprojektApplicationTests.java:16)
	at pl.edu.pjatk.gradleprojekt.GradleprojektApplicationTests.getCapybara(GradleprojektApplicationTests.java:16)
	at pl.edu.pjatk.gradleprojekt.GradleprojektApplicationTests.getCapybara(GradleprojektApplicationTests.java:16)
	at pl.edu.pjatk.gradleprojekt.GradleprojektApplicationTests.getCapybara(GradleprojektApplicationTests.java:16)
	at pl.edu.pjatk.gradleprojekt.GradleprojektApplicationTests.getCapybara(GradleprojektApplicationTests.java:16)
	at pl.edu.pjatk.gradleprojekt.GradleprojektApplicationTests.getCapybara(GradleprojektApplicationTests.java:16)
	at pl.edu.pjatk.gradleprojekt.GradleprojektApplicationTests.getCapybara(GradleprojektApplicationTests.java:16)
	at pl.edu.pjatk.gradleprojekt.GradleprojektApplicationTests.getCapybara(GradleprojektApplicationTests.java:16)
	at pl.edu.pjatk.gradleprojekt.GradleprojektApplicationTests.getCapybara(GradleprojektApplicationTests.java:16)
	at pl.edu.pjatk.gradleprojekt.GradleprojektApplicationTests.getCapybara(GradleprojektApplicationTests.java:16)
	at pl.edu.pjatk.gradleprojekt.GradleprojektApplicationTests.getCapybara(GradleprojektApplicationTests.java:16)
	at pl.edu.pjatk.gradleprojekt.GradleprojektApplicationTests.getCapybara(GradleprojektApplicationTests.java:16)
	at pl.edu.pjatk.gradleprojekt.GradleprojektApplicationTests.getCapybara(GradleprojektApplicationTests.java:16)
	at pl.edu.pjatk.gradleprojekt.GradleprojektApplicationTests.getCapybara(GradleprojektApplicationTests.java:16)
	at pl.edu.pjatk.gradleprojekt.GradleprojektApplicationTests.getCapybara(GradleprojektApplicationTests.java:16)
	at pl.edu.pjatk.gradleprojekt.GradleprojektApplicationTests.getCapybara(GradleprojektApplicationTests.java:16)
	at pl.edu.pjatk.gradleprojekt.GradleprojektApplicationTests.getCapybara(GradleprojektApplicationTests.java:16)
	at pl.edu.pjatk.gradleprojekt.GradleprojektApplicationTests.getCapybara(GradleprojektApplicationTests.java:16)
	at pl.edu.pjatk.gradleprojekt.GradleprojektApplicationTests.getCapybara(GradleprojektApplicationTests.java:16)
	at pl.edu.pjatk.gradleprojekt.GradleprojektApplicationTests.getCapybara(GradleprojektApplicationTests.java:16)
	at pl.edu.pjatk.gradleprojekt.GradleprojektApplicationTests.getCapybara(GradleprojektApplicationTests.java:16)
	at pl.edu.pjatk.gradleprojekt.GradleprojektApplicationTests.getCapybara(GradleprojektApplicationTests.java:16)
	at pl.edu.pjatk.gradleprojekt.GradleprojektApplicationTests.getCapybara(GradleprojektApplicationTests.java:16)
	at pl.edu.pjatk.gradleprojekt.GradleprojektApplicationTests.getCapybara(GradleprojektApplicationTests.java:16)
	at pl.edu.pjatk.gradleprojekt.GradleprojektApplicationTests.getCapybara(GradleprojektApplicationTests.java:16)
	at pl.edu.pjatk.gradleprojekt.GradleprojektApplicationTests.getCapybara(GradleprojektApplicationTests.java:16)
	at pl.edu.pjatk.gradleprojekt.GradleprojektApplicationTests.getCapybara(GradleprojektApplicationTests.java:16)
	at pl.edu.pjatk.gradleprojekt.GradleprojektApplicationTests.getCapybara(GradleprojektApplicationTests.java:16)
	at pl.edu.pjatk.gradleprojekt.GradleprojektApplicationTests.getCapybara(GradleprojektApplicationTests.java:16)
	at pl.edu.pjatk.gradleprojekt.GradleprojektApplicationTests.getCapybara(GradleprojektApplicationTests.java:16)
	at pl.edu.pjatk.gradleprojekt.GradleprojektApplicationTests.getCapybara(GradleprojektApplicationTests.java:16)
	at pl.edu.pjatk.gradleprojekt.GradleprojektApplicationTests.getCapybara(GradleprojektApplicationTests.java:16)
	at pl.edu.pjatk.gradleprojekt.GradleprojektApplicationTests.getCapybara(GradleprojektApplicationTests.java:16)
	at pl.edu.pjatk.gradleprojekt.GradleprojektApplicationTests.getCapybara(GradleprojektApplicationTests.java:16)
	at pl.edu.pjatk.gradleprojekt.GradleprojektApplicationTests.getCapybara(GradleprojektApplicationTests.java:16)
	at pl.edu.pjatk.gradleprojekt.GradleprojektApplicationTests.getCapybara(GradleprojektApplicationTests.java:16)
	at pl.edu.pjatk.gradleprojekt.GradleprojektApplicationTests.getCapybara(GradleprojektApplicationTests.java:16)
	at pl.edu.pjatk.gradleprojekt.GradleprojektApplicationTests.getCapybara(GradleprojektApplicationTests.java:16)
	at pl.edu.pjatk.gradleprojekt.GradleprojektApplicationTests.getCapybara(GradleprojektApplicationTests.java:16)
	at pl.edu.pjatk.gradleprojekt.GradleprojektApplicationTests.getCapybara(GradleprojektApplicationTests.java:16)
	at pl.edu.pjatk.gradleprojekt.GradleprojektApplicationTests.getCapybara(GradleprojektApplicationTests.java:16)
	at pl.edu.pjatk.gradleprojekt.GradleprojektApplicationTests.getCapybara(GradleprojektApplicationTests.java:16)
	at pl.edu.pjatk.gradleprojekt.GradleprojektApplicationTests.getCapybara(GradleprojektApplicationTests.java:16)
	at pl.edu.pjatk.gradleprojekt.GradleprojektApplicationTests.getCapybara(GradleprojektApplicationTests.java:16)
	at pl.edu.pjatk.gradleprojekt.GradleprojektApplicationTests.getCapybara(GradleprojektApplicationTests.java:16)
	at pl.edu.pjatk.gradleprojekt.GradleprojektApplicationTests.getCapybara(GradleprojektApplicationTests.java:16)
	at pl.edu.pjatk.gradleprojekt.GradleprojektApplicationTests.getCapybara(GradleprojektApplicationTests.java:16)
	at pl.edu.pjatk.gradleprojekt.GradleprojektApplicationTests.getCapybara(GradleprojektApplicationTests.java:16)
	at pl.edu.pjatk.gradleprojekt.GradleprojektApplicationTests.getCapybara(GradleprojektApplicationTests.java:16)
	at pl.edu.pjatk.gradleprojekt.GradleprojektApplicationTests.getCapybara(GradleprojektApplicationTests.java:16)
	at pl.edu.pjatk.gradleprojekt.GradleprojektApplicationTests.getCapybara(GradleprojektApplicationTests.java:16)
	at pl.edu.pjatk.gradleprojekt.GradleprojektApplicationTests.getCapybara(GradleprojektApplicationTests.java:16)
	at pl.edu.pjatk.gradleprojekt.GradleprojektApplicationTests.getCapybara(GradleprojektApplicationTests.java:16)
	at pl.edu.pjatk.gradleprojekt.GradleprojektApplicationTests.getCapybara(GradleprojektApplicationTests.java:16)
	at pl.edu.pjatk.gradleprojekt.GradleprojektApplicationTests.getCapybara(GradleprojektApplicationTests.java:16)
	at pl.edu.pjatk.gradleprojekt.GradleprojektApplicationTests.getCapybara(GradleprojektApplicationTests.java:16)
	at pl.edu.pjatk.gradleprojekt.GradleprojektApplicationTests.getCapybara(GradleprojektApplicationTests.java:16)
	at pl.edu.pjatk.gradleprojekt.GradleprojektApplicationTests.getCapybara(GradleprojektApplicationTests.java:16)
	at pl.edu.pjatk.gradleprojekt.GradleprojektApplicationTests.getCapybara(GradleprojektApplicationTests.java:16)
	at pl.edu.pjatk.gradleprojekt.GradleprojektApplicationTests.getCapybara(GradleprojektApplicationTests.java:16)
	at pl.edu.pjatk.gradleprojekt.GradleprojektApplicationTests.getCapybara(GradleprojektApplicationTests.java:16)
	at pl.edu.pjatk.gradleprojekt.GradleprojektApplicationTests.getCapybara(GradleprojektApplicationTests.java:16)
	at pl.edu.pjatk.gradleprojekt.GradleprojektApplicationTests.getCapybara(GradleprojektApplicationTests.java:16)
	at pl.edu.pjatk.gradleprojekt.GradleprojektApplicationTests.getCapybara(GradleprojektApplicationTests.java:16)
	at pl.edu.pjatk.gradleprojekt.GradleprojektApplicationTests.getCapybara(GradleprojektApplicationTests.java:16)
	at pl.edu.pjatk.gradleprojekt.GradleprojektApplicationTests.getCapybara(GradleprojektApplicationTests.java:16)
	at pl.edu.pjatk.gradleprojekt.GradleprojektApplicationTests.getCapybara(GradleprojektApplicationTests.java:16)
	at pl.edu.pjatk.gradleprojekt.GradleprojektApplicationTests.getCapybara(GradleprojektApplicationTests.java:16)
	at pl.edu.pjatk.gradleprojekt.GradleprojektApplicationTests.getCapybara(GradleprojektApplicationTests.java:16)
	at pl.edu.pjatk.gradleprojekt.GradleprojektApplicationTests.getCapybara(GradleprojektApplicationTests.java:16)
	at pl.edu.pjatk.gradleprojekt.GradleprojektApplicationTests.getCapybara(GradleprojektApplicationTests.java:16)
	at pl.edu.pjatk.gradleprojekt.GradleprojektApplicationTests.getCapybara(GradleprojektApplicationTests.java:16)
	at pl.edu.pjatk.gradleprojekt.GradleprojektApplicationTests.getCapybara(GradleprojektApplicationTests.java:16)
	at pl.edu.pjatk.gradleprojekt.GradleprojektApplicationTests.getCapybara(GradleprojektApplicationTests.java:16)
	at pl.edu.pjatk.gradleprojekt.GradleprojektApplicationTests.getCapybara(GradleprojektApplicationTests.java:16)
	at pl.edu.pjatk.gradleprojekt.GradleprojektApplicationTests.getCapybara(GradleprojektApplicationTests.java:16)
	at pl.edu.pjatk.gradleprojekt.GradleprojektApplicationTests.getCapybara(GradleprojektApplicationTests.java:16)
	at pl.edu.pjatk.gradleprojekt.GradleprojektApplicationTests.getCapybara(GradleprojektApplicationTests.java:16)
	at pl.edu.pjatk.gradleprojekt.GradleprojektApplicationTests.getCapybara(GradleprojektApplicationTests.java:16)
	at pl.edu.pjatk.gradleprojekt.GradleprojektApplicationTests.getCapybara(GradleprojektApplicationTests.java:16)
	at pl.edu.pjatk.gradleprojekt.GradleprojektApplicationTests.getCapybara(GradleprojektApplicationTests.java:16)
	at pl.edu.pjatk.gradleprojekt.GradleprojektApplicationTests.getCapybara(GradleprojektApplicationTests.java:16)
	at pl.edu.pjatk.gradleprojekt.GradleprojektApplicationTests.getCapybara(GradleprojektApplicationTests.java:16)
	at pl.edu.pjatk.gradleprojekt.GradleprojektApplicationTests.getCapybara(GradleprojektApplicationTests.java:16)
	at pl.edu.pjatk.gradleprojekt.GradleprojektApplicationTests.getCapybara(GradleprojektApplicationTests.java:16)
	at pl.edu.pjatk.gradleprojekt.GradleprojektApplicationTests.getCapybara(GradleprojektApplicationTests.java:16)
	at pl.edu.pjatk.gradleprojekt.GradleprojektApplicationTests.getCapybara(GradleprojektApplicationTests.java:16)
	at pl.edu.pjatk.gradleprojekt.GradleprojektApplicationTests.getCapybara(GradleprojektApplicationTests.java:16)
	at pl.edu.pjatk.gradleprojekt.GradleprojektApplicationTests.getCapybara(GradleprojektApplicationTests.java:16)
	at pl.edu.pjatk.gradleprojekt.GradleprojektApplicationTests.getCapybara(GradleprojektApplicationTests.java:16)
	at pl.edu.pjatk.gradleprojekt.GradleprojektApplicationTests.getCapybara(GradleprojektApplicationTests.java:16)
	at pl.edu.pjatk.gradleprojekt.GradleprojektApplicationTests.getCapybara(GradleprojektApplicationTests.java:16)
	at pl.edu.pjatk.gradleprojekt.GradleprojektApplicationTests.getCapybara(GradleprojektApplicationTests.java:16)
	at pl.edu.pjatk.gradleprojekt.GradleprojektApplicationTests.getCapybara(GradleprojektApplicationTests.java:16)
	at pl.edu.pjatk.gradleprojekt.GradleprojektApplicationTests.getCapybara(GradleprojektApplicationTests.java:16)
	at pl.edu.pjatk.gradleprojekt.GradleprojektApplicationTests.getCapybara(GradleprojektApplicationTests.java:16)
	at pl.edu.pjatk.gradleprojekt.GradleprojektApplicationTests.getCapybara(GradleprojektApplicationTests.java:16)
	at pl.edu.pjatk.gradleprojekt.GradleprojektApplicationTests.getCapybara(GradleprojektApplicationTests.java:16)
	at pl.edu.pjatk.gradleprojekt.GradleprojektApplicationTests.getCapybara(GradleprojektApplicationTests.java:16)
	at pl.edu.pjatk.gradleprojekt.GradleprojektApplicationTests.getCapybara(GradleprojektApplicationTests.java:16)
</failure>
  </testcase>
  <system-out><![CDATA[11:56:06.313 [Test worker] INFO org.springframework.test.context.support.AnnotationConfigContextLoaderUtils -- Could not detect default configuration classes for test class [pl.edu.pjatk.gradleprojekt.GradleprojektApplicationTests]: GradleprojektApplicationTests does not declare any static, non-private, non-final, nested classes annotated with @Configuration.
11:56:06.547 [Test worker] INFO org.springframework.boot.test.context.SpringBootTestContextBootstrapper -- Found @SpringBootConfiguration pl.edu.pjatk.gradleprojekt.GradleprojektApplication for test class pl.edu.pjatk.gradleprojekt.GradleprojektApplicationTests

  .   ____          _            __ _ _
 /\\ / ___'_ __ _ _(_)_ __  __ _ \ \ \ \
( ( )\___ | '_ | '_| | '_ \/ _` | \ \ \ \
 \\/  ___)| |_)| | | | | || (_| |  ) ) ) )
  '  |____| .__|_| |_|_| |_\__, | / / / /
 =========|_|==============|___/=/_/_/_/

 :: Spring Boot ::                (v3.3.4)

2024-10-28T11:56:07.438+01:00  INFO 5024 --- [gradleprojekt] [    Test worker] p.e.p.g.GradleprojektApplicationTests    : Starting GradleprojektApplicationTests using Java 21.0.4 with PID 5024 (started by s30131 in Z:\gradleprojekt)
2024-10-28T11:56:07.438+01:00  INFO 5024 --- [gradleprojekt] [    Test worker] p.e.p.g.GradleprojektApplicationTests    : No active profile set, falling back to 1 default profile: "default"
2024-10-28T11:56:08.659+01:00  INFO 5024 --- [gradleprojekt] [    Test worker] .s.d.r.c.RepositoryConfigurationDelegate : Bootstrapping Spring Data JPA repositories in DEFAULT mode.
2024-10-28T11:56:08.752+01:00  INFO 5024 --- [gradleprojekt] [    Test worker] .s.d.r.c.RepositoryConfigurationDelegate : Finished Spring Data repository scanning in 84 ms. Found 1 JPA repository interface.
2024-10-28T11:56:09.534+01:00  INFO 5024 --- [gradleprojekt] [    Test worker] com.zaxxer.hikari.HikariDataSource       : HikariPool-1 - Starting...
2024-10-28T11:56:10.049+01:00  INFO 5024 --- [gradleprojekt] [    Test worker] com.zaxxer.hikari.pool.HikariPool        : HikariPool-1 - Added connection conn0: url=jdbc:h2:mem:7c52d12a-6f81-4113-8172-136e44dcd278 user=SA
2024-10-28T11:56:10.065+01:00  INFO 5024 --- [gradleprojekt] [    Test worker] com.zaxxer.hikari.HikariDataSource       : HikariPool-1 - Start completed.
2024-10-28T11:56:10.159+01:00  INFO 5024 --- [gradleprojekt] [    Test worker] o.hibernate.jpa.internal.util.LogHelper  : HHH000204: Processing PersistenceUnitInfo [name: default]
2024-10-28T11:56:10.362+01:00  INFO 5024 --- [gradleprojekt] [    Test worker] org.hibernate.Version                    : HHH000412: Hibernate ORM core version 6.5.3.Final
2024-10-28T11:56:10.471+01:00  INFO 5024 --- [gradleprojekt] [    Test worker] o.h.c.internal.RegionFactoryInitiator    : HHH000026: Second-level cache disabled
2024-10-28T11:56:11.424+01:00  INFO 5024 --- [gradleprojekt] [    Test worker] o.s.o.j.p.SpringPersistenceUnitInfo      : No LoadTimeWeaver setup: ignoring JPA class transformer
2024-10-28T11:56:13.799+01:00  INFO 5024 --- [gradleprojekt] [    Test worker] o.h.e.t.j.p.i.JtaPlatformInitiator       : HHH000489: No JTA platform available (set 'hibernate.transaction.jta.platform' to enable JTA platform integration)
2024-10-28T11:56:13.893+01:00  INFO 5024 --- [gradleprojekt] [    Test worker] j.LocalContainerEntityManagerFactoryBean : Initialized JPA EntityManagerFactory for persistence unit 'default'
2024-10-28T11:56:14.926+01:00  WARN 5024 --- [gradleprojekt] [    Test worker] JpaBaseConfiguration$JpaWebConfiguration : spring.jpa.open-in-view is enabled by default. Therefore, database queries may be performed during view rendering. Explicitly configure spring.jpa.open-in-view to disable this warning
2024-10-28T11:56:15.582+01:00  INFO 5024 --- [gradleprojekt] [    Test worker] p.e.p.g.GradleprojektApplicationTests    : Started GradleprojektApplicationTests in 8.628 seconds (process running for 10.435)
]]></system-out>
  <system-err><![CDATA[WARNING: A Java agent has been loaded dynamically (C:\Users\s30131\.gradle\caches\modules-2\files-2.1\net.bytebuddy\byte-buddy-agent\1.14.19\154da3a65b4f4a909d3e5bdec55d1b2b4cbb6ce1\byte-buddy-agent-1.14.19.jar)
WARNING: If a serviceability tool is in use, please run with -XX:+EnableDynamicAgentLoading to hide this warning
WARNING: If a serviceability tool is not in use, please run with -Djdk.instrument.traceUsage for more information
WARNING: Dynamic loading of agents will be disallowed by default in a future release
]]></system-err>
</testsuite>
